Using pre-set license
Built from '2022.3/staging' branch; Version is '2022.3.42f1 (2dcb6a0abc42) revision 3001194'; Using compiler version '192829333'; Build Type 'Release'
OS: 'Windows 10  (10.0.19045) 64bit Professional' Language: 'es' Physical Memory: 16318 MB
BatchMode: 1, IsHumanControllingUs: 0, StartBugReporterOnCrash: 0, Is64bit: 1, IsPro: 1

COMMAND LINE ARGUMENTS:
C:\Program Files\Unity\Hub\Editor\2022.3.42f1\Editor\Unity.exe
-adb2
-batchMode
-noUpm
-name
AssetImportWorker7
-projectPath
C:/Users/usuario/Documents/Proyecto unity/Cop16/AppCop_16
-logFile
Logs/AssetImportWorker7.log
-srvPort
49963
Successfully changed project path to: C:/Users/usuario/Documents/Proyecto unity/Cop16/AppCop_16
C:/Users/usuario/Documents/Proyecto unity/Cop16/AppCop_16
[UnityMemory] Configuration Parameters - Can be set up in boot.config
    "memorysetup-bucket-allocator-granularity=16"
    "memorysetup-bucket-allocator-bucket-count=8"
    "memorysetup-bucket-allocator-block-size=33554432"
    "memorysetup-bucket-allocator-block-count=8"
    "memorysetup-main-allocator-block-size=16777216"
    "memorysetup-thread-allocator-block-size=16777216"
    "memorysetup-gfx-main-allocator-block-size=16777216"
    "memorysetup-gfx-thread-allocator-block-size=16777216"
    "memorysetup-cache-allocator-block-size=4194304"
    "memorysetup-typetree-allocator-block-size=2097152"
    "memorysetup-profiler-bucket-allocator-granularity=16"
    "memorysetup-profiler-bucket-allocator-bucket-count=8"
    "memorysetup-profiler-bucket-allocator-block-size=33554432"
    "memorysetup-profiler-bucket-allocator-block-count=8"
    "memorysetup-profiler-allocator-block-size=16777216"
    "memorysetup-profiler-editor-allocator-block-size=1048576"
    "memorysetup-temp-allocator-size-main=16777216"
    "memorysetup-job-temp-allocator-block-size=2097152"
    "memorysetup-job-temp-allocator-block-size-background=1048576"
    "memorysetup-job-temp-allocator-reduction-small-platforms=262144"
    "memorysetup-allocator-temp-initial-block-size-main=262144"
    "memorysetup-allocator-temp-initial-block-size-worker=262144"
    "memorysetup-temp-allocator-size-background-worker=32768"
    "memorysetup-temp-allocator-size-job-worker=262144"
    "memorysetup-temp-allocator-size-preload-manager=33554432"
    "memorysetup-temp-allocator-size-nav-mesh-worker=65536"
    "memorysetup-temp-allocator-size-audio-worker=65536"
    "memorysetup-temp-allocator-size-cloud-worker=32768"
    "memorysetup-temp-allocator-size-gi-baking-worker=262144"
    "memorysetup-temp-allocator-size-gfx=262144"
Player connection [17704]  Target information:

Player connection [17704]  * "[IP] 192.168.20.22 [Port] 0 [Flags] 2 [Guid] 908586757 [EditorId] 908586757 [Version] 1048832 [Id] WindowsEditor(7,DESKTOP-CJI77SR) [Debug] 1 [PackageName] WindowsEditor [ProjectName] Editor" 

Player connection [17704] Host joined multi-casting on [225.0.0.222:54997]...
Player connection [17704] Host joined alternative multi-casting on [225.0.0.222:34997]...
[PhysX] Initialized MultithreadedTaskDispatcher with 16 workers.
Refreshing native plugins compatible for Editor in 15.23 ms, found 3 plugins.
Preloading 0 native plugins for Editor in 0.00 ms.
Initialize engine version: 2022.3.42f1 (2dcb6a0abc42)
[Subsystems] Discovering subsystems at path C:/Program Files/Unity/Hub/Editor/2022.3.42f1/Editor/Data/Resources/UnitySubsystems
[Subsystems] Discovering subsystems at path C:/Users/usuario/Documents/Proyecto unity/Cop16/AppCop_16/Assets
GfxDevice: creating device client; threaded=0; jobified=0
Direct3D:
    Version:  Direct3D 11.0 [level 11.1]
    Renderer: NVIDIA GeForce GTX 1660 SUPER (ID=0x21c4)
    Vendor:   NVIDIA
    VRAM:     5980 MB
    Driver:   31.0.15.3623
Initialize mono
Mono path[0] = 'C:/Program Files/Unity/Hub/Editor/2022.3.42f1/Editor/Data/Managed'
Mono path[1] = 'C:/Program Files/Unity/Hub/Editor/2022.3.42f1/Editor/Data/MonoBleedingEdge/lib/mono/unityjit-win32'
Mono config path = 'C:/Program Files/Unity/Hub/Editor/2022.3.42f1/Editor/Data/MonoBleedingEdge/etc'
Using monoOptions --debugger-agent=transport=dt_socket,embedding=1,server=y,suspend=n,address=127.0.0.1:56752
Begin MonoManager ReloadAssembly
Registering precompiled unity dll's ...
Register platform support module: C:/Program Files/Unity/Hub/Editor/2022.3.42f1/Editor/Data/PlaybackEngines/AndroidPlayer/UnityEditor.Android.Extensions.dll
Register platform support module: C:/Program Files/Unity/Hub/Editor/2022.3.42f1/Editor/Data/PlaybackEngines/WindowsStandaloneSupport/UnityEditor.WindowsStandalone.Extensions.dll
Registered in 0.015271 seconds.
- Loaded All Assemblies, in  0.381 seconds
Native extension for WindowsStandalone target not found
Native extension for Android target not found
Android Extension - Scanning For ADB Devices 290 ms
Mono: successfully reloaded assembly
- Finished resetting the current domain, in  0.595 seconds
Domain Reload Profiling: 974ms
	BeginReloadAssembly (124ms)
		ExecutionOrderSort (0ms)
		DisableScriptedObjects (0ms)
		BackupInstance (0ms)
		ReleaseScriptingObjects (0ms)
		CreateAndSetChildDomain (1ms)
	RebuildCommonClasses (35ms)
	RebuildNativeTypeToScriptingClass (11ms)
	initialDomainReloadingComplete (66ms)
	LoadAllAssembliesAndSetupDomain (142ms)
		LoadAssemblies (121ms)
		RebuildTransferFunctionScriptingTraits (0ms)
		AnalyzeDomain (140ms)
			TypeCache.Refresh (138ms)
				TypeCache.ScanAssembly (125ms)
			ScanForSourceGeneratedMonoScriptInfo (0ms)
			ResolveRequiredComponents (0ms)
	FinalizeReload (596ms)
		ReleaseScriptCaches (0ms)
		RebuildScriptCaches (0ms)
		SetupLoadedEditorAssemblies (554ms)
			LogAssemblyErrors (0ms)
			InitializePlatformSupportModulesInManaged (398ms)
			SetLoadedEditorAssemblies (3ms)
			RefreshPlugins (0ms)
			BeforeProcessingInitializeOnLoad (2ms)
			ProcessInitializeOnLoadAttributes (109ms)
			ProcessInitializeOnLoadMethodAttributes (42ms)
			AfterProcessingInitializeOnLoad (0ms)
			EditorAssembliesLoaded (0ms)
		ExecutionOrderSort2 (0ms)
		AwakeInstancesAfterBackupRestoration (0ms)
========================================================================
Worker process is ready to serve import requests
Caller must complete domain reload
Begin MonoManager ReloadAssembly
- Loaded All Assemblies, in  0.756 seconds
Native extension for WindowsStandalone target not found
Native extension for Android target not found
Package Manager log level set to [2]
[Package Manager] Server::EnsureServerProcessIsRunning -- launch failed, reason: Unity was launched with the -noUpm command-line argument
[Package Manager] UpmClient::Send -- Unable to send message (not connected to UPM process).
[Package Manager] Cannot connect to Unity Package Manager local server
Mono: successfully reloaded assembly
- Finished resetting the current domain, in  0.788 seconds
Domain Reload Profiling: 1538ms
	BeginReloadAssembly (155ms)
		ExecutionOrderSort (0ms)
		DisableScriptedObjects (5ms)
		BackupInstance (0ms)
		ReleaseScriptingObjects (0ms)
		CreateAndSetChildDomain (23ms)
	RebuildCommonClasses (34ms)
	RebuildNativeTypeToScriptingClass (12ms)
	initialDomainReloadingComplete (47ms)
	LoadAllAssembliesAndSetupDomain (502ms)
		LoadAssemblies (397ms)
		RebuildTransferFunctionScriptingTraits (0ms)
		AnalyzeDomain (199ms)
			TypeCache.Refresh (165ms)
				TypeCache.ScanAssembly (148ms)
			ScanForSourceGeneratedMonoScriptInfo (22ms)
			ResolveRequiredComponents (10ms)
	FinalizeReload (789ms)
		ReleaseScriptCaches (0ms)
		RebuildScriptCaches (0ms)
		SetupLoadedEditorAssemblies (640ms)
			LogAssemblyErrors (0ms)
			InitializePlatformSupportModulesInManaged (26ms)
			SetLoadedEditorAssemblies (5ms)
			RefreshPlugins (0ms)
			BeforeProcessingInitializeOnLoad (92ms)
			ProcessInitializeOnLoadAttributes (454ms)
			ProcessInitializeOnLoadMethodAttributes (51ms)
			AfterProcessingInitializeOnLoad (12ms)
			EditorAssembliesLoaded (0ms)
		ExecutionOrderSort2 (0ms)
		AwakeInstancesAfterBackupRestoration (6ms)
Launched and connected shader compiler UnityShaderCompiler.exe after 0.05 seconds
Refreshing native plugins compatible for Editor in 5.86 ms, found 3 plugins.
Preloading 0 native plugins for Editor in 0.00 ms.
Unloading 5388 Unused Serialized files (Serialized files now loaded: 0)
Unloading 25 unused Assets / (441.8 KB). Loaded Objects now: 5862.
Memory consumption went from 225.5 MB to 225.1 MB.
Total: 4.430700 ms (FindLiveObjects: 0.580400 ms CreateObjectMapping: 0.164100 ms MarkObjects: 3.363900 ms  DeleteObjects: 0.321200 ms)

AssetImportParameters requested are different than current active one (requested -> active):
  custom:scripting/monoscript/fileName/JoystickEditor.cs: 406670d2fe263f5d7c582f8389f2b844 -> 
  custom:container-demuxer-ogg: 62fdf1f143b41e24485cea50d1cbac27 -> 
  custom:scripting/monoscript/fileName/JoystickPlayerExample.cs: 2ec96b3abad264f4393a91b76b487cb7 -> 
  custom:scripting/monoscript/fileName/JoystickSetterExample.cs: 9ef810522df7cdd512f52a98ae7a04f9 -> 
  custom:video-decoder-ogg-theora: a1e56fd34408186e4bbccfd4996cb3dc -> 
  custom:framework-win-MediaFoundation: 216162199b28c13a410421893ffa2e32 -> 
  custom:scripting/monoscript/fileName/Example.cs: d0e47065f42c0aa209c2b4c44fb1fcc3 -> 
  custom:scripting/monoscript/fileName/DynamicJoystickEditor.cs: f92673ca2cd03c2f140cf81ccfee7ccb -> 
  custom:scripting/monoscript/fileName/TriviaManager.cs: 941e9494519266c80133c4fb01380898 -> 
  custom:scripting/monoscript/fileName/DynamicJoystick.cs: fa6fdbd0de9beec4a70bc764c26bb796 -> 
  custom:CustomObjectIndexerAttribute: 72b91833f83ae208fae7752999fa3104 -> 
  custom:container-demuxer-webm: 4f35f7cbe854078d1ac9338744f61a02 -> 
  custom:scripting/monoscript/fileName/FloatingJoystick.cs: 516035e2342d093d90fb2bd11ff41e68 -> 
  custom:container-muxer-webm: aa71ff27fc2769a1b78a27578f13a17b -> 
  custom:video-decoder-webm-vp8: 9c59270c3fd7afecdb556c50c9e8de78 -> 
  custom:scripting/monoscript/fileName/ModelTrigger.cs: 30bfa58732115a8956fc253c31c7a75b -> 
  custom:SearchIndexIgnoredProperties: e643bd26f0fe6173181afceb89e7c659 -> 
  custom:AudioImporter_EditorPlatform: d09bf68614088b80899f8185d706f6e7 -> 
  custom:scripting/monoscript/fileName/MobilePlayerController.cs: c6d6334dbee39969b7eddb0b08d8203e -> 
  custom:scripting/monoscript/fileName/VariableJoystickEditor.cs: fee5e077b31909c4bba3d7329fdefd90 -> 
  custom:scripting/monoscript/fileName/CameraController.cs: b71d1bb1c8c0dbb9a981f5c477ef2ab9 -> 90f26c7c63924735c23c826b8a781463
  custom:video-encoder-webm-vp8: eb34c28f22e8b96e1ab97ce403110664 -> 
  custom:audio-decoder-ogg-vorbis: bf7c407c2cedff20999df2af8eb42d56 -> 
  custom:scripting/monoscript/fileName/FloatingJoystickEditor.cs: 20a94efd412f2009d4e6722fe16a3051 -> 
  custom:scripting/monoscript/fileName/VariableJoystick.cs: 6a21e483212ef280c767be5522709419 -> 
  custom:scripting/monoscript/fileName/FixedJoystick.cs: ceaced0056a716bd82a85e0f3d488361 -> 
  custom:scripting/monoscript/fileName/Joystick.cs: a70c06c40edfbf2aebf8f2b4b0a70ae0 -> 62df7bb7703aa7fc0947494d614e76dd
  custom:scripting/monoscript/fileName/CardSpawner.cs: d42064c2f6071834cb496530c82fedd6 -> 
  custom:audio-encoder-webm-vorbis: bf7c407c2cedff20999df2af8eb42d56 -> 
  custom:scripting/monoscript/fileName/MenuController.cs: f98156acb6c9b62b4aff1540a104a198 -> 
========================================================================
Received Prepare
Caller must complete domain reload
Begin MonoManager ReloadAssembly
- Loaded All Assemblies, in  0.599 seconds
Native extension for WindowsStandalone target not found
Native extension for Android target not found
[Package Manager] Server::EnsureServerProcessIsRunning -- launch failed, reason: Unity was launched with the -noUpm command-line argument
[Package Manager] UpmClient::Send -- Unable to send message (not connected to UPM process).
[Package Manager] Cannot connect to Unity Package Manager local server
Mono: successfully reloaded assembly
- Finished resetting the current domain, in  1.658 seconds
Domain Reload Profiling: 2249ms
	BeginReloadAssembly (187ms)
		ExecutionOrderSort (0ms)
		DisableScriptedObjects (4ms)
		BackupInstance (0ms)
		ReleaseScriptingObjects (0ms)
		CreateAndSetChildDomain (40ms)
	RebuildCommonClasses (36ms)
	RebuildNativeTypeToScriptingClass (11ms)
	initialDomainReloadingComplete (40ms)
	LoadAllAssembliesAndSetupDomain (316ms)
		LoadAssemblies (399ms)
		RebuildTransferFunctionScriptingTraits (0ms)
		AnalyzeDomain (19ms)
			TypeCache.Refresh (6ms)
				TypeCache.ScanAssembly (0ms)
			ScanForSourceGeneratedMonoScriptInfo (0ms)
			ResolveRequiredComponents (11ms)
	FinalizeReload (1659ms)
		ReleaseScriptCaches (0ms)
		RebuildScriptCaches (0ms)
		SetupLoadedEditorAssemblies (683ms)
			LogAssemblyErrors (0ms)
			InitializePlatformSupportModulesInManaged (28ms)
			SetLoadedEditorAssemblies (4ms)
			RefreshPlugins (0ms)
			BeforeProcessingInitializeOnLoad (100ms)
			ProcessInitializeOnLoadAttributes (480ms)
			ProcessInitializeOnLoadMethodAttributes (56ms)
			AfterProcessingInitializeOnLoad (14ms)
			EditorAssembliesLoaded (0ms)
		ExecutionOrderSort2 (0ms)
		AwakeInstancesAfterBackupRestoration (17ms)
Refreshing native plugins compatible for Editor in 7.06 ms, found 3 plugins.
Preloading 0 native plugins for Editor in 0.00 ms.
Unloading 5202 Unused Serialized files (Serialized files now loaded: 0)
Unloading 20 unused Assets / (414.9 KB). Loaded Objects now: 5866.
Memory consumption went from 191.8 MB to 191.4 MB.
Total: 4.693100 ms (FindLiveObjects: 0.691000 ms CreateObjectMapping: 0.163500 ms MarkObjects: 3.611300 ms  DeleteObjects: 0.225500 ms)

Prepare: number of updated asset objects reloaded= 0
AssetImportParameters requested are different than current active one (requested -> active):
  custom:scripting/monoscript/fileName/JoystickEditor.cs: 406670d2fe263f5d7c582f8389f2b844 -> 
  custom:container-demuxer-ogg: 62fdf1f143b41e24485cea50d1cbac27 -> 
  custom:scripting/monoscript/fileName/JoystickPlayerExample.cs: 2ec96b3abad264f4393a91b76b487cb7 -> 
  custom:scripting/monoscript/fileName/JoystickSetterExample.cs: 9ef810522df7cdd512f52a98ae7a04f9 -> 
  custom:video-decoder-ogg-theora: a1e56fd34408186e4bbccfd4996cb3dc -> 
  custom:framework-win-MediaFoundation: 216162199b28c13a410421893ffa2e32 -> 
  custom:scripting/monoscript/fileName/Example.cs: d0e47065f42c0aa209c2b4c44fb1fcc3 -> 
  custom:scripting/monoscript/fileName/DynamicJoystickEditor.cs: f92673ca2cd03c2f140cf81ccfee7ccb -> 
  custom:scripting/monoscript/fileName/TriviaManager.cs: 941e9494519266c80133c4fb01380898 -> 
  custom:scripting/monoscript/fileName/DynamicJoystick.cs: fa6fdbd0de9beec4a70bc764c26bb796 -> 
  custom:CustomObjectIndexerAttribute: 72b91833f83ae208fae7752999fa3104 -> 
  custom:container-demuxer-webm: 4f35f7cbe854078d1ac9338744f61a02 -> 
  custom:scripting/monoscript/fileName/FloatingJoystick.cs: 516035e2342d093d90fb2bd11ff41e68 -> 
  custom:container-muxer-webm: aa71ff27fc2769a1b78a27578f13a17b -> 
  custom:video-decoder-webm-vp8: 9c59270c3fd7afecdb556c50c9e8de78 -> 
  custom:scripting/monoscript/fileName/ModelTrigger.cs: 30bfa58732115a8956fc253c31c7a75b -> 
  custom:SearchIndexIgnoredProperties: e643bd26f0fe6173181afceb89e7c659 -> 
  custom:AudioImporter_EditorPlatform: d09bf68614088b80899f8185d706f6e7 -> 
  custom:scripting/monoscript/fileName/MobilePlayerController.cs: c6d6334dbee39969b7eddb0b08d8203e -> 
  custom:scripting/monoscript/fileName/VariableJoystickEditor.cs: fee5e077b31909c4bba3d7329fdefd90 -> 
  custom:scripting/monoscript/fileName/CameraController.cs: b71d1bb1c8c0dbb9a981f5c477ef2ab9 -> 90f26c7c63924735c23c826b8a781463
  custom:video-encoder-webm-vp8: eb34c28f22e8b96e1ab97ce403110664 -> 
  custom:audio-decoder-ogg-vorbis: bf7c407c2cedff20999df2af8eb42d56 -> 
  custom:scripting/monoscript/fileName/FloatingJoystickEditor.cs: 20a94efd412f2009d4e6722fe16a3051 -> 
  custom:scripting/monoscript/fileName/VariableJoystick.cs: 6a21e483212ef280c767be5522709419 -> 
  custom:scripting/monoscript/fileName/FixedJoystick.cs: ceaced0056a716bd82a85e0f3d488361 -> 
  custom:scripting/monoscript/fileName/Joystick.cs: a70c06c40edfbf2aebf8f2b4b0a70ae0 -> 62df7bb7703aa7fc0947494d614e76dd
  custom:scripting/monoscript/fileName/CardSpawner.cs: d42064c2f6071834cb496530c82fedd6 -> 
  custom:audio-encoder-webm-vorbis: bf7c407c2cedff20999df2af8eb42d56 -> 
  custom:scripting/monoscript/fileName/MenuController.cs: f98156acb6c9b62b4aff1540a104a198 -> 
========================================================================
Received Import Request.
  Time since last request: 106400.209283 seconds.
  path: Assets/Plugins/SimpleInput/Prefabs/TARJETA_ANIMADA.prefab
  artifactKey: Guid(6f463baed2322284bace15a7539ab939) Importer(815301076,1909f56bfc062723c751e8b465ee728b)
Start importing Assets/Plugins/SimpleInput/Prefabs/TARJETA_ANIMADA.prefab using Guid(6f463baed2322284bace15a7539ab939) Importer(815301076,1909f56bfc062723c751e8b465ee728b) [PhysX] Initialized MultithreadedTaskDispatcher with 16 workers.
 -> (artifact id: '0c052a5e55111846915b045c74d583c1') in 0.002847 seconds
Number of updated asset objects reloaded before import = 0
Number of asset objects unloaded after import = 0
========================================================================
Received Import Request.
  Time since last request: 0.000047 seconds.
  path: Assets/Plugins/SimpleInput/Prefabs/TARJETA_ANIMADA (4).prefab
  artifactKey: Guid(82eec5187e715f14a980be70509e57f4) Importer(815301076,1909f56bfc062723c751e8b465ee728b)
Start importing Assets/Plugins/SimpleInput/Prefabs/TARJETA_ANIMADA (4).prefab using Guid(82eec5187e715f14a980be70509e57f4) Importer(815301076,1909f56bfc062723c751e8b465ee728b) [PhysX] Initialized MultithreadedTaskDispatcher with 16 workers.
 -> (artifact id: 'e8d00223ee34579f70bc75142283fddb') in 0.000820 seconds
Number of updated asset objects reloaded before import = 0
Number of asset objects unloaded after import = 0
========================================================================
Received Import Request.
  Time since last request: 0.000074 seconds.
  path: Assets/Plugins/SimpleInput/Prefabs/TARJETA_ANIMADA (2).prefab
  artifactKey: Guid(72c70ea1dd8d278499c9c5da414a7351) Importer(815301076,1909f56bfc062723c751e8b465ee728b)
Start importing Assets/Plugins/SimpleInput/Prefabs/TARJETA_ANIMADA (2).prefab using Guid(72c70ea1dd8d278499c9c5da414a7351) Importer(815301076,1909f56bfc062723c751e8b465ee728b) [PhysX] Initialized MultithreadedTaskDispatcher with 16 workers.
 -> (artifact id: '48e9f121a0dd80927f4b77bb8ed72df7') in 0.000732 seconds
Number of updated asset objects reloaded before import = 0
Number of asset objects unloaded after import = 0
========================================================================
Received Import Request.
  Time since last request: 51.748384 seconds.
  path: Assets/Plugins/SimpleInput/Prefabs/TARJETA_ANIMADA.prefab
  artifactKey: Guid(6f463baed2322284bace15a7539ab939) Importer(815301076,1909f56bfc062723c751e8b465ee728b)
Start importing Assets/Plugins/SimpleInput/Prefabs/TARJETA_ANIMADA.prefab using Guid(6f463baed2322284bace15a7539ab939) Importer(815301076,1909f56bfc062723c751e8b465ee728b) [PhysX] Initialized MultithreadedTaskDispatcher with 16 workers.
 -> (artifact id: '0c052a5e55111846915b045c74d583c1') in 0.000747 seconds
Number of updated asset objects reloaded before import = 0
Number of asset objects unloaded after import = 0
========================================================================
Received Import Request.
  Time since last request: 0.000435 seconds.
  path: Assets/Plugins/SimpleInput/Prefabs/TARJETA_ANIMADA (1).prefab
  artifactKey: Guid(13806686ee01bed4a970e64b4a686a60) Importer(815301076,1909f56bfc062723c751e8b465ee728b)
Start importing Assets/Plugins/SimpleInput/Prefabs/TARJETA_ANIMADA (1).prefab using Guid(13806686ee01bed4a970e64b4a686a60) Importer(815301076,1909f56bfc062723c751e8b465ee728b) [PhysX] Initialized MultithreadedTaskDispatcher with 16 workers.
 -> (artifact id: 'fa69fa801efc36e3d401da154c9e92bf') in 0.000837 seconds
Number of updated asset objects reloaded before import = 0
Number of asset objects unloaded after import = 0
========================================================================
Received Import Request.
  Time since last request: 0.000020 seconds.
  path: Assets/Plugins/SimpleInput/Prefabs/TARJETA_ANIMADA (2).prefab
  artifactKey: Guid(72c70ea1dd8d278499c9c5da414a7351) Importer(815301076,1909f56bfc062723c751e8b465ee728b)
Start importing Assets/Plugins/SimpleInput/Prefabs/TARJETA_ANIMADA (2).prefab using Guid(72c70ea1dd8d278499c9c5da414a7351) Importer(815301076,1909f56bfc062723c751e8b465ee728b) [PhysX] Initialized MultithreadedTaskDispatcher with 16 workers.
 -> (artifact id: '48e9f121a0dd80927f4b77bb8ed72df7') in 0.000711 seconds
Number of updated asset objects reloaded before import = 0
Number of asset objects unloaded after import = 0
========================================================================
Received Prepare
Caller must complete domain reload
Begin MonoManager ReloadAssembly
- Loaded All Assemblies, in  0.598 seconds
Native extension for WindowsStandalone target not found
Native extension for Android target not found
[Package Manager] Server::EnsureServerProcessIsRunning -- launch failed, reason: Unity was launched with the -noUpm command-line argument
[Package Manager] UpmClient::Send -- Unable to send message (not connected to UPM process).
[Package Manager] Cannot connect to Unity Package Manager local server
Mono: successfully reloaded assembly
- Finished resetting the current domain, in  1.685 seconds
Domain Reload Profiling: 2274ms
	BeginReloadAssembly (181ms)
		ExecutionOrderSort (0ms)
		DisableScriptedObjects (4ms)
		BackupInstance (0ms)
		ReleaseScriptingObjects (0ms)
		CreateAndSetChildDomain (37ms)
	RebuildCommonClasses (35ms)
	RebuildNativeTypeToScriptingClass (12ms)
	initialDomainReloadingComplete (39ms)
	LoadAllAssembliesAndSetupDomain (323ms)
		LoadAssemblies (403ms)
		RebuildTransferFunctionScriptingTraits (0ms)
		AnalyzeDomain (21ms)
			TypeCache.Refresh (9ms)
				TypeCache.ScanAssembly (0ms)
			ScanForSourceGeneratedMonoScriptInfo (0ms)
			ResolveRequiredComponents (11ms)
	FinalizeReload (1686ms)
		ReleaseScriptCaches (0ms)
		RebuildScriptCaches (0ms)
		SetupLoadedEditorAssemblies (700ms)
			LogAssemblyErrors (0ms)
			InitializePlatformSupportModulesInManaged (33ms)
			SetLoadedEditorAssemblies (5ms)
			RefreshPlugins (0ms)
			BeforeProcessingInitializeOnLoad (110ms)
			ProcessInitializeOnLoadAttributes (482ms)
			ProcessInitializeOnLoadMethodAttributes (55ms)
			AfterProcessingInitializeOnLoad (15ms)
			EditorAssembliesLoaded (0ms)
		ExecutionOrderSort2 (0ms)
		AwakeInstancesAfterBackupRestoration (19ms)
Refreshing native plugins compatible for Editor in 8.07 ms, found 3 plugins.
Preloading 0 native plugins for Editor in 0.00 ms.
Unloading 5202 Unused Serialized files (Serialized files now loaded: 0)
Unloading 20 unused Assets / (423.2 KB). Loaded Objects now: 5870.
Memory consumption went from 191.8 MB to 191.4 MB.
Total: 4.446100 ms (FindLiveObjects: 0.612700 ms CreateObjectMapping: 0.150400 ms MarkObjects: 3.452200 ms  DeleteObjects: 0.229700 ms)

Prepare: number of updated asset objects reloaded= 0
AssetImportParameters requested are different than current active one (requested -> active):
  custom:scripting/monoscript/fileName/JoystickEditor.cs: 406670d2fe263f5d7c582f8389f2b844 -> 
  custom:container-demuxer-ogg: 62fdf1f143b41e24485cea50d1cbac27 -> 
  custom:scripting/monoscript/fileName/JoystickPlayerExample.cs: 2ec96b3abad264f4393a91b76b487cb7 -> 
  custom:scripting/monoscript/fileName/JoystickSetterExample.cs: 9ef810522df7cdd512f52a98ae7a04f9 -> 
  custom:video-decoder-ogg-theora: a1e56fd34408186e4bbccfd4996cb3dc -> 
  custom:framework-win-MediaFoundation: 216162199b28c13a410421893ffa2e32 -> 
  custom:scripting/monoscript/fileName/Example.cs: d0e47065f42c0aa209c2b4c44fb1fcc3 -> 
  custom:scripting/monoscript/fileName/DynamicJoystickEditor.cs: f92673ca2cd03c2f140cf81ccfee7ccb -> 
  custom:scripting/monoscript/fileName/TriviaManager.cs: 941e9494519266c80133c4fb01380898 -> 
  custom:scripting/monoscript/fileName/DynamicJoystick.cs: fa6fdbd0de9beec4a70bc764c26bb796 -> 
  custom:CustomObjectIndexerAttribute: 72b91833f83ae208fae7752999fa3104 -> 
  custom:container-demuxer-webm: 4f35f7cbe854078d1ac9338744f61a02 -> 
  custom:scripting/monoscript/fileName/FloatingJoystick.cs: 516035e2342d093d90fb2bd11ff41e68 -> 
  custom:container-muxer-webm: aa71ff27fc2769a1b78a27578f13a17b -> 
  custom:video-decoder-webm-vp8: 9c59270c3fd7afecdb556c50c9e8de78 -> 
  custom:scripting/monoscript/fileName/ModelTrigger.cs: 30bfa58732115a8956fc253c31c7a75b -> 
  custom:SearchIndexIgnoredProperties: e643bd26f0fe6173181afceb89e7c659 -> 
  custom:AudioImporter_EditorPlatform: d09bf68614088b80899f8185d706f6e7 -> 
  custom:scripting/monoscript/fileName/MobilePlayerController.cs: c6d6334dbee39969b7eddb0b08d8203e -> 
  custom:scripting/monoscript/fileName/VariableJoystickEditor.cs: fee5e077b31909c4bba3d7329fdefd90 -> 
  custom:scripting/monoscript/fileName/CameraController.cs: b71d1bb1c8c0dbb9a981f5c477ef2ab9 -> 90f26c7c63924735c23c826b8a781463
  custom:video-encoder-webm-vp8: eb34c28f22e8b96e1ab97ce403110664 -> 
  custom:audio-decoder-ogg-vorbis: bf7c407c2cedff20999df2af8eb42d56 -> 
  custom:scripting/monoscript/fileName/FloatingJoystickEditor.cs: 20a94efd412f2009d4e6722fe16a3051 -> 
  custom:scripting/monoscript/fileName/VariableJoystick.cs: 6a21e483212ef280c767be5522709419 -> 
  custom:scripting/monoscript/fileName/FixedJoystick.cs: ceaced0056a716bd82a85e0f3d488361 -> 
  custom:scripting/monoscript/fileName/Joystick.cs: a70c06c40edfbf2aebf8f2b4b0a70ae0 -> 62df7bb7703aa7fc0947494d614e76dd
  custom:scripting/monoscript/fileName/CardSpawner.cs: d42064c2f6071834cb496530c82fedd6 -> 
  custom:audio-encoder-webm-vorbis: bf7c407c2cedff20999df2af8eb42d56 -> 
  custom:scripting/monoscript/fileName/MenuController.cs: f98156acb6c9b62b4aff1540a104a198 -> 
========================================================================
Received Import Request.
  Time since last request: 13.787754 seconds.
  path: Assets/Plugins/SimpleInput/Prefabs/TARJETA_ANIMADA (3).prefab
  artifactKey: Guid(26245ffea969f71448870f1745023fa9) Importer(815301076,1909f56bfc062723c751e8b465ee728b)
Start importing Assets/Plugins/SimpleInput/Prefabs/TARJETA_ANIMADA (3).prefab using Guid(26245ffea969f71448870f1745023fa9) Importer(815301076,1909f56bfc062723c751e8b465ee728b) [PhysX] Initialized MultithreadedTaskDispatcher with 16 workers.
 -> (artifact id: '3e3a09d6da8efcd35bd8a4bcd30d8570') in 0.008394 seconds
Number of updated asset objects reloaded before import = 0
Number of asset objects unloaded after import = 0
========================================================================
Received Import Request.
  Time since last request: 0.000053 seconds.
  path: Assets/Plugins/SimpleInput/Prefabs/TARJETA_ANIMADA (1).prefab
  artifactKey: Guid(13806686ee01bed4a970e64b4a686a60) Importer(815301076,1909f56bfc062723c751e8b465ee728b)
Start importing Assets/Plugins/SimpleInput/Prefabs/TARJETA_ANIMADA (1).prefab using Guid(13806686ee01bed4a970e64b4a686a60) Importer(815301076,1909f56bfc062723c751e8b465ee728b) [PhysX] Initialized MultithreadedTaskDispatcher with 16 workers.
 -> (artifact id: 'fa69fa801efc36e3d401da154c9e92bf') in 0.000837 seconds
Number of updated asset objects reloaded before import = 0
Number of asset objects unloaded after import = 0
========================================================================
Received Import Request.
  Time since last request: 0.000021 seconds.
  path: Assets/Plugins/SimpleInput/Prefabs/TARJETA_ANIMADA (2).prefab
  artifactKey: Guid(72c70ea1dd8d278499c9c5da414a7351) Importer(815301076,1909f56bfc062723c751e8b465ee728b)
Start importing Assets/Plugins/SimpleInput/Prefabs/TARJETA_ANIMADA (2).prefab using Guid(72c70ea1dd8d278499c9c5da414a7351) Importer(815301076,1909f56bfc062723c751e8b465ee728b) [PhysX] Initialized MultithreadedTaskDispatcher with 16 workers.
 -> (artifact id: '48e9f121a0dd80927f4b77bb8ed72df7') in 0.000951 seconds
Number of updated asset objects reloaded before import = 0
Number of asset objects unloaded after import = 0
========================================================================
Received Prepare
Caller must complete domain reload
Begin MonoManager ReloadAssembly
- Loaded All Assemblies, in  0.589 seconds
Native extension for WindowsStandalone target not found
Native extension for Android target not found
[Package Manager] Server::EnsureServerProcessIsRunning -- launch failed, reason: Unity was launched with the -noUpm command-line argument
[Package Manager] UpmClient::Send -- Unable to send message (not connected to UPM process).
[Package Manager] Cannot connect to Unity Package Manager local server
Mono: successfully reloaded assembly
- Finished resetting the current domain, in  1.613 seconds
Domain Reload Profiling: 2196ms
	BeginReloadAssembly (178ms)
		ExecutionOrderSort (0ms)
		DisableScriptedObjects (4ms)
		BackupInstance (0ms)
		ReleaseScriptingObjects (0ms)
		CreateAndSetChildDomain (35ms)
	RebuildCommonClasses (38ms)
	RebuildNativeTypeToScriptingClass (11ms)
	initialDomainReloadingComplete (35ms)
	LoadAllAssembliesAndSetupDomain (320ms)
		LoadAssemblies (377ms)
		RebuildTransferFunctionScriptingTraits (0ms)
		AnalyzeDomain (43ms)
			TypeCache.Refresh (9ms)
				TypeCache.ScanAssembly (0ms)
			ScanForSourceGeneratedMonoScriptInfo (20ms)
			ResolveRequiredComponents (11ms)
	FinalizeReload (1614ms)
		ReleaseScriptCaches (0ms)
		RebuildScriptCaches (0ms)
		SetupLoadedEditorAssemblies (652ms)
			LogAssemblyErrors (0ms)
			InitializePlatformSupportModulesInManaged (30ms)
			SetLoadedEditorAssemblies (4ms)
			RefreshPlugins (0ms)
			BeforeProcessingInitializeOnLoad (95ms)
			ProcessInitializeOnLoadAttributes (449ms)
			ProcessInitializeOnLoadMethodAttributes (60ms)
			AfterProcessingInitializeOnLoad (14ms)
			EditorAssembliesLoaded (0ms)
		ExecutionOrderSort2 (0ms)
		AwakeInstancesAfterBackupRestoration (21ms)
Refreshing native plugins compatible for Editor in 6.86 ms, found 3 plugins.
Preloading 0 native plugins for Editor in 0.00 ms.
Unloading 5202 Unused Serialized files (Serialized files now loaded: 0)
Unloading 20 unused Assets / (423.2 KB). Loaded Objects now: 5874.
Memory consumption went from 191.8 MB to 191.4 MB.
Total: 4.804600 ms (FindLiveObjects: 0.605000 ms CreateObjectMapping: 0.576200 ms MarkObjects: 3.353800 ms  DeleteObjects: 0.268100 ms)

Prepare: number of updated asset objects reloaded= 0
AssetImportParameters requested are different than current active one (requested -> active):
  custom:scripting/monoscript/fileName/JoystickEditor.cs: 406670d2fe263f5d7c582f8389f2b844 -> 
  custom:container-demuxer-ogg: 62fdf1f143b41e24485cea50d1cbac27 -> 
  custom:scripting/monoscript/fileName/JoystickPlayerExample.cs: 2ec96b3abad264f4393a91b76b487cb7 -> 
  custom:scripting/monoscript/fileName/JoystickSetterExample.cs: 9ef810522df7cdd512f52a98ae7a04f9 -> 
  custom:video-decoder-ogg-theora: a1e56fd34408186e4bbccfd4996cb3dc -> 
  custom:framework-win-MediaFoundation: 216162199b28c13a410421893ffa2e32 -> 
  custom:scripting/monoscript/fileName/Example.cs: d0e47065f42c0aa209c2b4c44fb1fcc3 -> 
  custom:scripting/monoscript/fileName/DynamicJoystickEditor.cs: f92673ca2cd03c2f140cf81ccfee7ccb -> 
  custom:scripting/monoscript/fileName/TriviaManager.cs: 941e9494519266c80133c4fb01380898 -> 
  custom:scripting/monoscript/fileName/DynamicJoystick.cs: fa6fdbd0de9beec4a70bc764c26bb796 -> 
  custom:CustomObjectIndexerAttribute: 72b91833f83ae208fae7752999fa3104 -> 
  custom:container-demuxer-webm: 4f35f7cbe854078d1ac9338744f61a02 -> 
  custom:scripting/monoscript/fileName/FloatingJoystick.cs: 516035e2342d093d90fb2bd11ff41e68 -> 
  custom:container-muxer-webm: aa71ff27fc2769a1b78a27578f13a17b -> 
  custom:video-decoder-webm-vp8: 9c59270c3fd7afecdb556c50c9e8de78 -> 
  custom:scripting/monoscript/fileName/ModelTrigger.cs: 30bfa58732115a8956fc253c31c7a75b -> 
  custom:SearchIndexIgnoredProperties: e643bd26f0fe6173181afceb89e7c659 -> 
  custom:AudioImporter_EditorPlatform: d09bf68614088b80899f8185d706f6e7 -> 
  custom:scripting/monoscript/fileName/MobilePlayerController.cs: c6d6334dbee39969b7eddb0b08d8203e -> 
  custom:scripting/monoscript/fileName/VariableJoystickEditor.cs: fee5e077b31909c4bba3d7329fdefd90 -> 
  custom:scripting/monoscript/fileName/CameraController.cs: b71d1bb1c8c0dbb9a981f5c477ef2ab9 -> 90f26c7c63924735c23c826b8a781463
  custom:video-encoder-webm-vp8: eb34c28f22e8b96e1ab97ce403110664 -> 
  custom:audio-decoder-ogg-vorbis: bf7c407c2cedff20999df2af8eb42d56 -> 
  custom:scripting/monoscript/fileName/FloatingJoystickEditor.cs: 20a94efd412f2009d4e6722fe16a3051 -> 
  custom:scripting/monoscript/fileName/VariableJoystick.cs: 6a21e483212ef280c767be5522709419 -> 
  custom:scripting/monoscript/fileName/FixedJoystick.cs: ceaced0056a716bd82a85e0f3d488361 -> 
  custom:scripting/monoscript/fileName/Joystick.cs: a70c06c40edfbf2aebf8f2b4b0a70ae0 -> 62df7bb7703aa7fc0947494d614e76dd
  custom:scripting/monoscript/fileName/CardSpawner.cs: d42064c2f6071834cb496530c82fedd6 -> 
  custom:audio-encoder-webm-vorbis: bf7c407c2cedff20999df2af8eb42d56 -> 
  custom:scripting/monoscript/fileName/MenuController.cs: f98156acb6c9b62b4aff1540a104a198 -> 
========================================================================
Received Import Request.
  Time since last request: 141.002845 seconds.
  path: Assets/Plugins/SimpleInput/Prefabs/TARJETA_ANIMADA (1).prefab
  artifactKey: Guid(13806686ee01bed4a970e64b4a686a60) Importer(815301076,1909f56bfc062723c751e8b465ee728b)
Start importing Assets/Plugins/SimpleInput/Prefabs/TARJETA_ANIMADA (1).prefab using Guid(13806686ee01bed4a970e64b4a686a60) Importer(815301076,1909f56bfc062723c751e8b465ee728b) [PhysX] Initialized MultithreadedTaskDispatcher with 16 workers.
 -> (artifact id: 'fa69fa801efc36e3d401da154c9e92bf') in 0.007266 seconds
Number of updated asset objects reloaded before import = 0
Number of asset objects unloaded after import = 0
========================================================================
Received Import Request.
  Time since last request: 0.000036 seconds.
  path: Assets/Plugins/SimpleInput/Prefabs/TARJETA_ANIMADA (2).prefab
  artifactKey: Guid(72c70ea1dd8d278499c9c5da414a7351) Importer(815301076,1909f56bfc062723c751e8b465ee728b)
Start importing Assets/Plugins/SimpleInput/Prefabs/TARJETA_ANIMADA (2).prefab using Guid(72c70ea1dd8d278499c9c5da414a7351) Importer(815301076,1909f56bfc062723c751e8b465ee728b) [PhysX] Initialized MultithreadedTaskDispatcher with 16 workers.
 -> (artifact id: '48e9f121a0dd80927f4b77bb8ed72df7') in 0.000713 seconds
Number of updated asset objects reloaded before import = 0
Number of asset objects unloaded after import = 0
========================================================================
Received Prepare
Caller must complete domain reload
Begin MonoManager ReloadAssembly
- Loaded All Assemblies, in  0.621 seconds
Native extension for WindowsStandalone target not found
Native extension for Android target not found
[Package Manager] Server::EnsureServerProcessIsRunning -- launch failed, reason: Unity was launched with the -noUpm command-line argument
[Package Manager] UpmClient::Send -- Unable to send message (not connected to UPM process).
[Package Manager] Cannot connect to Unity Package Manager local server
Mono: successfully reloaded assembly
- Finished resetting the current domain, in  1.688 seconds
Domain Reload Profiling: 2301ms
	BeginReloadAssembly (186ms)
		ExecutionOrderSort (0ms)
		DisableScriptedObjects (4ms)
		BackupInstance (0ms)
		ReleaseScriptingObjects (0ms)
		CreateAndSetChildDomain (37ms)
	RebuildCommonClasses (34ms)
	RebuildNativeTypeToScriptingClass (12ms)
	initialDomainReloadingComplete (41ms)
	LoadAllAssembliesAndSetupDomain (340ms)
		LoadAssemblies (425ms)
		RebuildTransferFunctionScriptingTraits (0ms)
		AnalyzeDomain (21ms)
			TypeCache.Refresh (8ms)
				TypeCache.ScanAssembly (0ms)
			ScanForSourceGeneratedMonoScriptInfo (0ms)
			ResolveRequiredComponents (11ms)
	FinalizeReload (1688ms)
		ReleaseScriptCaches (0ms)
		RebuildScriptCaches (0ms)
		SetupLoadedEditorAssemblies (695ms)
			LogAssemblyErrors (0ms)
			InitializePlatformSupportModulesInManaged (31ms)
			SetLoadedEditorAssemblies (5ms)
			RefreshPlugins (0ms)
			BeforeProcessingInitializeOnLoad (107ms)
			ProcessInitializeOnLoadAttributes (481ms)
			ProcessInitializeOnLoadMethodAttributes (53ms)
			AfterProcessingInitializeOnLoad (17ms)
			EditorAssembliesLoaded (0ms)
		ExecutionOrderSort2 (0ms)
		AwakeInstancesAfterBackupRestoration (19ms)
Refreshing native plugins compatible for Editor in 6.78 ms, found 3 plugins.
Preloading 0 native plugins for Editor in 0.00 ms.
Unloading 5202 Unused Serialized files (Serialized files now loaded: 0)
Unloading 20 unused Assets / (407.1 KB). Loaded Objects now: 5878.
Memory consumption went from 191.8 MB to 191.4 MB.
Total: 4.162300 ms (FindLiveObjects: 0.588700 ms CreateObjectMapping: 0.166100 ms MarkObjects: 3.146800 ms  DeleteObjects: 0.259700 ms)

Prepare: number of updated asset objects reloaded= 0
AssetImportParameters requested are different than current active one (requested -> active):
  custom:scripting/monoscript/fileName/JoystickEditor.cs: 406670d2fe263f5d7c582f8389f2b844 -> 
  custom:container-demuxer-ogg: 62fdf1f143b41e24485cea50d1cbac27 -> 
  custom:scripting/monoscript/fileName/JoystickPlayerExample.cs: 2ec96b3abad264f4393a91b76b487cb7 -> 
  custom:scripting/monoscript/fileName/JoystickSetterExample.cs: 9ef810522df7cdd512f52a98ae7a04f9 -> 
  custom:video-decoder-ogg-theora: a1e56fd34408186e4bbccfd4996cb3dc -> 
  custom:framework-win-MediaFoundation: 216162199b28c13a410421893ffa2e32 -> 
  custom:scripting/monoscript/fileName/Example.cs: d0e47065f42c0aa209c2b4c44fb1fcc3 -> 
  custom:scripting/monoscript/fileName/DynamicJoystickEditor.cs: f92673ca2cd03c2f140cf81ccfee7ccb -> 
  custom:scripting/monoscript/fileName/TriviaManager.cs: 941e9494519266c80133c4fb01380898 -> 
  custom:scripting/monoscript/fileName/DynamicJoystick.cs: fa6fdbd0de9beec4a70bc764c26bb796 -> 
  custom:CustomObjectIndexerAttribute: 72b91833f83ae208fae7752999fa3104 -> 
  custom:container-demuxer-webm: 4f35f7cbe854078d1ac9338744f61a02 -> 
  custom:scripting/monoscript/fileName/FloatingJoystick.cs: 516035e2342d093d90fb2bd11ff41e68 -> 
  custom:container-muxer-webm: aa71ff27fc2769a1b78a27578f13a17b -> 
  custom:video-decoder-webm-vp8: 9c59270c3fd7afecdb556c50c9e8de78 -> 
  custom:scripting/monoscript/fileName/ModelTrigger.cs: 30bfa58732115a8956fc253c31c7a75b -> 
  custom:SearchIndexIgnoredProperties: e643bd26f0fe6173181afceb89e7c659 -> 
  custom:AudioImporter_EditorPlatform: d09bf68614088b80899f8185d706f6e7 -> 
  custom:scripting/monoscript/fileName/MobilePlayerController.cs: c6d6334dbee39969b7eddb0b08d8203e -> 
  custom:scripting/monoscript/fileName/VariableJoystickEditor.cs: fee5e077b31909c4bba3d7329fdefd90 -> 
  custom:scripting/monoscript/fileName/CameraController.cs: b71d1bb1c8c0dbb9a981f5c477ef2ab9 -> 90f26c7c63924735c23c826b8a781463
  custom:video-encoder-webm-vp8: eb34c28f22e8b96e1ab97ce403110664 -> 
  custom:audio-decoder-ogg-vorbis: bf7c407c2cedff20999df2af8eb42d56 -> 
  custom:scripting/monoscript/fileName/FloatingJoystickEditor.cs: 20a94efd412f2009d4e6722fe16a3051 -> 
  custom:scripting/monoscript/fileName/VariableJoystick.cs: 6a21e483212ef280c767be5522709419 -> 
  custom:scripting/monoscript/fileName/FixedJoystick.cs: ceaced0056a716bd82a85e0f3d488361 -> 
  custom:scripting/monoscript/fileName/Joystick.cs: a70c06c40edfbf2aebf8f2b4b0a70ae0 -> 62df7bb7703aa7fc0947494d614e76dd
  custom:scripting/monoscript/fileName/CardSpawner.cs: d42064c2f6071834cb496530c82fedd6 -> 
  custom:audio-encoder-webm-vorbis: bf7c407c2cedff20999df2af8eb42d56 -> 
  custom:scripting/monoscript/fileName/MenuController.cs: f98156acb6c9b62b4aff1540a104a198 -> 
========================================================================
Received Import Request.
  Time since last request: 45.738642 seconds.
  path: Assets/Plugins/SimpleInput/Prefabs/TARJETA_ANIMADA (1).prefab
  artifactKey: Guid(13806686ee01bed4a970e64b4a686a60) Importer(815301076,1909f56bfc062723c751e8b465ee728b)
Start importing Assets/Plugins/SimpleInput/Prefabs/TARJETA_ANIMADA (1).prefab using Guid(13806686ee01bed4a970e64b4a686a60) Importer(815301076,1909f56bfc062723c751e8b465ee728b) [PhysX] Initialized MultithreadedTaskDispatcher with 16 workers.
 -> (artifact id: 'fa69fa801efc36e3d401da154c9e92bf') in 0.002126 seconds
Number of updated asset objects reloaded before import = 0
Number of asset objects unloaded after import = 0
========================================================================
Received Import Request.
  Time since last request: 0.000025 seconds.
  path: Assets/Plugins/SimpleInput/Prefabs/TARJETA_ANIMADA (2).prefab
  artifactKey: Guid(72c70ea1dd8d278499c9c5da414a7351) Importer(815301076,1909f56bfc062723c751e8b465ee728b)
Start importing Assets/Plugins/SimpleInput/Prefabs/TARJETA_ANIMADA (2).prefab using Guid(72c70ea1dd8d278499c9c5da414a7351) Importer(815301076,1909f56bfc062723c751e8b465ee728b) [PhysX] Initialized MultithreadedTaskDispatcher with 16 workers.
 -> (artifact id: '48e9f121a0dd80927f4b77bb8ed72df7') in 0.000720 seconds
Number of updated asset objects reloaded before import = 0
Number of asset objects unloaded after import = 0
========================================================================
Received Prepare
Caller must complete domain reload
Begin MonoManager ReloadAssembly
- Loaded All Assemblies, in  0.640 seconds
Native extension for WindowsStandalone target not found
Native extension for Android target not found
[Package Manager] Server::EnsureServerProcessIsRunning -- launch failed, reason: Unity was launched with the -noUpm command-line argument
[Package Manager] UpmClient::Send -- Unable to send message (not connected to UPM process).
[Package Manager] Cannot connect to Unity Package Manager local server
Mono: successfully reloaded assembly
- Finished resetting the current domain, in  1.681 seconds
Domain Reload Profiling: 2313ms
	BeginReloadAssembly (195ms)
		ExecutionOrderSort (0ms)
		DisableScriptedObjects (4ms)
		BackupInstance (0ms)
		ReleaseScriptingObjects (0ms)
		CreateAndSetChildDomain (39ms)
	RebuildCommonClasses (35ms)
	RebuildNativeTypeToScriptingClass (12ms)
	initialDomainReloadingComplete (38ms)
	LoadAllAssembliesAndSetupDomain (352ms)
		LoadAssemblies (438ms)
		RebuildTransferFunctionScriptingTraits (0ms)
		AnalyzeDomain (26ms)
			TypeCache.Refresh (9ms)
				TypeCache.ScanAssembly (0ms)
			ScanForSourceGeneratedMonoScriptInfo (0ms)
			ResolveRequiredComponents (14ms)
	FinalizeReload (1682ms)
		ReleaseScriptCaches (0ms)
		RebuildScriptCaches (0ms)
		SetupLoadedEditorAssemblies (675ms)
			LogAssemblyErrors (0ms)
			InitializePlatformSupportModulesInManaged (29ms)
			SetLoadedEditorAssemblies (3ms)
			RefreshPlugins (0ms)
			BeforeProcessingInitializeOnLoad (100ms)
			ProcessInitializeOnLoadAttributes (473ms)
			ProcessInitializeOnLoadMethodAttributes (56ms)
			AfterProcessingInitializeOnLoad (13ms)
			EditorAssembliesLoaded (0ms)
		ExecutionOrderSort2 (0ms)
		AwakeInstancesAfterBackupRestoration (17ms)
Refreshing native plugins compatible for Editor in 8.34 ms, found 3 plugins.
Preloading 0 native plugins for Editor in 0.00 ms.
Unloading 5202 Unused Serialized files (Serialized files now loaded: 0)
Unloading 20 unused Assets / (415.2 KB). Loaded Objects now: 5882.
Memory consumption went from 191.8 MB to 191.4 MB.
Total: 4.856300 ms (FindLiveObjects: 0.601300 ms CreateObjectMapping: 0.161100 ms MarkObjects: 3.821500 ms  DeleteObjects: 0.271300 ms)

Prepare: number of updated asset objects reloaded= 0
AssetImportParameters requested are different than current active one (requested -> active):
  custom:scripting/monoscript/fileName/JoystickEditor.cs: 406670d2fe263f5d7c582f8389f2b844 -> 
  custom:container-demuxer-ogg: 62fdf1f143b41e24485cea50d1cbac27 -> 
  custom:scripting/monoscript/fileName/JoystickPlayerExample.cs: 2ec96b3abad264f4393a91b76b487cb7 -> 
  custom:scripting/monoscript/fileName/JoystickSetterExample.cs: 9ef810522df7cdd512f52a98ae7a04f9 -> 
  custom:video-decoder-ogg-theora: a1e56fd34408186e4bbccfd4996cb3dc -> 
  custom:framework-win-MediaFoundation: 216162199b28c13a410421893ffa2e32 -> 
  custom:scripting/monoscript/fileName/Example.cs: d0e47065f42c0aa209c2b4c44fb1fcc3 -> 
  custom:scripting/monoscript/fileName/DynamicJoystickEditor.cs: f92673ca2cd03c2f140cf81ccfee7ccb -> 
  custom:scripting/monoscript/fileName/TriviaManager.cs: 941e9494519266c80133c4fb01380898 -> 
  custom:scripting/monoscript/fileName/DynamicJoystick.cs: fa6fdbd0de9beec4a70bc764c26bb796 -> 
  custom:CustomObjectIndexerAttribute: 72b91833f83ae208fae7752999fa3104 -> 
  custom:container-demuxer-webm: 4f35f7cbe854078d1ac9338744f61a02 -> 
  custom:scripting/monoscript/fileName/FloatingJoystick.cs: 516035e2342d093d90fb2bd11ff41e68 -> 
  custom:container-muxer-webm: aa71ff27fc2769a1b78a27578f13a17b -> 
  custom:video-decoder-webm-vp8: 9c59270c3fd7afecdb556c50c9e8de78 -> 
  custom:scripting/monoscript/fileName/ModelTrigger.cs: 30bfa58732115a8956fc253c31c7a75b -> 
  custom:SearchIndexIgnoredProperties: e643bd26f0fe6173181afceb89e7c659 -> 
  custom:AudioImporter_EditorPlatform: d09bf68614088b80899f8185d706f6e7 -> 
  custom:scripting/monoscript/fileName/MobilePlayerController.cs: c6d6334dbee39969b7eddb0b08d8203e -> 
  custom:scripting/monoscript/fileName/VariableJoystickEditor.cs: fee5e077b31909c4bba3d7329fdefd90 -> 
  custom:scripting/monoscript/fileName/CameraController.cs: b71d1bb1c8c0dbb9a981f5c477ef2ab9 -> 90f26c7c63924735c23c826b8a781463
  custom:video-encoder-webm-vp8: eb34c28f22e8b96e1ab97ce403110664 -> 
  custom:audio-decoder-ogg-vorbis: bf7c407c2cedff20999df2af8eb42d56 -> 
  custom:scripting/monoscript/fileName/FloatingJoystickEditor.cs: 20a94efd412f2009d4e6722fe16a3051 -> 
  custom:scripting/monoscript/fileName/VariableJoystick.cs: 6a21e483212ef280c767be5522709419 -> 
  custom:scripting/monoscript/fileName/FixedJoystick.cs: ceaced0056a716bd82a85e0f3d488361 -> 
  custom:scripting/monoscript/fileName/Joystick.cs: a70c06c40edfbf2aebf8f2b4b0a70ae0 -> 62df7bb7703aa7fc0947494d614e76dd
  custom:scripting/monoscript/fileName/CardSpawner.cs: d42064c2f6071834cb496530c82fedd6 -> 
  custom:audio-encoder-webm-vorbis: bf7c407c2cedff20999df2af8eb42d56 -> 
  custom:scripting/monoscript/fileName/MenuController.cs: f98156acb6c9b62b4aff1540a104a198 -> 
========================================================================
Received Import Request.
  Time since last request: 18.682025 seconds.
  path: Assets/Plugins/SimpleInput/Prefabs/TARJETA_ANIMADA (3).prefab
  artifactKey: Guid(26245ffea969f71448870f1745023fa9) Importer(815301076,1909f56bfc062723c751e8b465ee728b)
Start importing Assets/Plugins/SimpleInput/Prefabs/TARJETA_ANIMADA (3).prefab using Guid(26245ffea969f71448870f1745023fa9) Importer(815301076,1909f56bfc062723c751e8b465ee728b) [PhysX] Initialized MultithreadedTaskDispatcher with 16 workers.
 -> (artifact id: '3e3a09d6da8efcd35bd8a4bcd30d8570') in 0.002125 seconds
Number of updated asset objects reloaded before import = 0
Number of asset objects unloaded after import = 0
========================================================================
Received Import Request.
  Time since last request: 0.000146 seconds.
  path: Assets/Plugins/SimpleInput/Prefabs/TARJETA_ANIMADA.prefab
  artifactKey: Guid(6f463baed2322284bace15a7539ab939) Importer(815301076,1909f56bfc062723c751e8b465ee728b)
Start importing Assets/Plugins/SimpleInput/Prefabs/TARJETA_ANIMADA.prefab using Guid(6f463baed2322284bace15a7539ab939) Importer(815301076,1909f56bfc062723c751e8b465ee728b) [PhysX] Initialized MultithreadedTaskDispatcher with 16 workers.
 -> (artifact id: '0c052a5e55111846915b045c74d583c1') in 0.000821 seconds
Number of updated asset objects reloaded before import = 0
Number of asset objects unloaded after import = 0
========================================================================
Received Import Request.
  Time since last request: 0.000025 seconds.
  path: Assets/Plugins/SimpleInput/Prefabs/TARJETA_ANIMADA (4).prefab
  artifactKey: Guid(82eec5187e715f14a980be70509e57f4) Importer(815301076,1909f56bfc062723c751e8b465ee728b)
Start importing Assets/Plugins/SimpleInput/Prefabs/TARJETA_ANIMADA (4).prefab using Guid(82eec5187e715f14a980be70509e57f4) Importer(815301076,1909f56bfc062723c751e8b465ee728b) [PhysX] Initialized MultithreadedTaskDispatcher with 16 workers.
 -> (artifact id: 'e8d00223ee34579f70bc75142283fddb') in 0.000737 seconds
Number of updated asset objects reloaded before import = 0
Number of asset objects unloaded after import = 0
========================================================================
Received Import Request.
  Time since last request: 0.000018 seconds.
  path: Assets/Plugins/SimpleInput/Prefabs/ArrowsAllDirections.prefab
  artifactKey: Guid(36300ad3f703b964fb4e8c42be9649ec) Importer(815301076,1909f56bfc062723c751e8b465ee728b)
Start importing Assets/Plugins/SimpleInput/Prefabs/ArrowsAllDirections.prefab using Guid(36300ad3f703b964fb4e8c42be9649ec) Importer(815301076,1909f56bfc062723c751e8b465ee728b) [PhysX] Initialized MultithreadedTaskDispatcher with 16 workers.
 -> (artifact id: '28b167449c4a1b23defb791e7907ec8b') in 0.000842 seconds
Number of updated asset objects reloaded before import = 0
Number of asset objects unloaded after import = 0
========================================================================
Received Prepare
Caller must complete domain reload
Begin MonoManager ReloadAssembly
- Loaded All Assemblies, in  0.624 seconds
Native extension for WindowsStandalone target not found
Native extension for Android target not found
[Package Manager] Server::EnsureServerProcessIsRunning -- launch failed, reason: Unity was launched with the -noUpm command-line argument
[Package Manager] UpmClient::Send -- Unable to send message (not connected to UPM process).
[Package Manager] Cannot connect to Unity Package Manager local server
Mono: successfully reloaded assembly
- Finished resetting the current domain, in  1.734 seconds
Domain Reload Profiling: 2350ms
	BeginReloadAssembly (187ms)
		ExecutionOrderSort (0ms)
		DisableScriptedObjects (4ms)
		BackupInstance (0ms)
		ReleaseScriptingObjects (0ms)
		CreateAndSetChildDomain (36ms)
	RebuildCommonClasses (42ms)
	RebuildNativeTypeToScriptingClass (11ms)
	initialDomainReloadingComplete (37ms)
	LoadAllAssembliesAndSetupDomain (337ms)
		LoadAssemblies (423ms)
		RebuildTransferFunctionScriptingTraits (0ms)
		AnalyzeDomain (21ms)
			TypeCache.Refresh (8ms)
				TypeCache.ScanAssembly (0ms)
			ScanForSourceGeneratedMonoScriptInfo (0ms)
			ResolveRequiredComponents (11ms)
	FinalizeReload (1734ms)
		ReleaseScriptCaches (0ms)
		RebuildScriptCaches (0ms)
		SetupLoadedEditorAssemblies (717ms)
			LogAssemblyErrors (0ms)
			InitializePlatformSupportModulesInManaged (33ms)
			SetLoadedEditorAssemblies (7ms)
			RefreshPlugins (0ms)
			BeforeProcessingInitializeOnLoad (113ms)
			ProcessInitializeOnLoadAttributes (493ms)
			ProcessInitializeOnLoadMethodAttributes (55ms)
			AfterProcessingInitializeOnLoad (16ms)
			EditorAssembliesLoaded (0ms)
		ExecutionOrderSort2 (0ms)
		AwakeInstancesAfterBackupRestoration (18ms)
Refreshing native plugins compatible for Editor in 7.14 ms, found 3 plugins.
Preloading 0 native plugins for Editor in 0.00 ms.
Unloading 5202 Unused Serialized files (Serialized files now loaded: 0)
Unloading 20 unused Assets / (415.2 KB). Loaded Objects now: 5886.
Memory consumption went from 191.8 MB to 191.4 MB.
Total: 5.181600 ms (FindLiveObjects: 0.604000 ms CreateObjectMapping: 0.177300 ms MarkObjects: 4.154600 ms  DeleteObjects: 0.244100 ms)

Prepare: number of updated asset objects reloaded= 0
AssetImportParameters requested are different than current active one (requested -> active):
  custom:scripting/monoscript/fileName/JoystickEditor.cs: 406670d2fe263f5d7c582f8389f2b844 -> 
  custom:container-demuxer-ogg: 62fdf1f143b41e24485cea50d1cbac27 -> 
  custom:scripting/monoscript/fileName/JoystickPlayerExample.cs: 2ec96b3abad264f4393a91b76b487cb7 -> 
  custom:scripting/monoscript/fileName/JoystickSetterExample.cs: 9ef810522df7cdd512f52a98ae7a04f9 -> 
  custom:video-decoder-ogg-theora: a1e56fd34408186e4bbccfd4996cb3dc -> 
  custom:framework-win-MediaFoundation: 216162199b28c13a410421893ffa2e32 -> 
  custom:scripting/monoscript/fileName/Example.cs: d0e47065f42c0aa209c2b4c44fb1fcc3 -> 
  custom:scripting/monoscript/fileName/DynamicJoystickEditor.cs: f92673ca2cd03c2f140cf81ccfee7ccb -> 
  custom:scripting/monoscript/fileName/TriviaManager.cs: 941e9494519266c80133c4fb01380898 -> 
  custom:scripting/monoscript/fileName/DynamicJoystick.cs: fa6fdbd0de9beec4a70bc764c26bb796 -> 
  custom:CustomObjectIndexerAttribute: 72b91833f83ae208fae7752999fa3104 -> 
  custom:container-demuxer-webm: 4f35f7cbe854078d1ac9338744f61a02 -> 
  custom:scripting/monoscript/fileName/FloatingJoystick.cs: 516035e2342d093d90fb2bd11ff41e68 -> 
  custom:container-muxer-webm: aa71ff27fc2769a1b78a27578f13a17b -> 
  custom:video-decoder-webm-vp8: 9c59270c3fd7afecdb556c50c9e8de78 -> 
  custom:scripting/monoscript/fileName/ModelTrigger.cs: 30bfa58732115a8956fc253c31c7a75b -> 
  custom:SearchIndexIgnoredProperties: e643bd26f0fe6173181afceb89e7c659 -> 
  custom:AudioImporter_EditorPlatform: d09bf68614088b80899f8185d706f6e7 -> 
  custom:scripting/monoscript/fileName/MobilePlayerController.cs: c6d6334dbee39969b7eddb0b08d8203e -> 
  custom:scripting/monoscript/fileName/VariableJoystickEditor.cs: fee5e077b31909c4bba3d7329fdefd90 -> 
  custom:scripting/monoscript/fileName/CameraController.cs: b71d1bb1c8c0dbb9a981f5c477ef2ab9 -> 90f26c7c63924735c23c826b8a781463
  custom:video-encoder-webm-vp8: eb34c28f22e8b96e1ab97ce403110664 -> 
  custom:audio-decoder-ogg-vorbis: bf7c407c2cedff20999df2af8eb42d56 -> 
  custom:scripting/monoscript/fileName/FloatingJoystickEditor.cs: 20a94efd412f2009d4e6722fe16a3051 -> 
  custom:scripting/monoscript/fileName/VariableJoystick.cs: 6a21e483212ef280c767be5522709419 -> 
  custom:scripting/monoscript/fileName/FixedJoystick.cs: ceaced0056a716bd82a85e0f3d488361 -> 
  custom:scripting/monoscript/fileName/Joystick.cs: a70c06c40edfbf2aebf8f2b4b0a70ae0 -> 62df7bb7703aa7fc0947494d614e76dd
  custom:scripting/monoscript/fileName/CardSpawner.cs: d42064c2f6071834cb496530c82fedd6 -> 
  custom:audio-encoder-webm-vorbis: bf7c407c2cedff20999df2af8eb42d56 -> 
  custom:scripting/monoscript/fileName/MenuController.cs: f98156acb6c9b62b4aff1540a104a198 -> 
========================================================================
Received Prepare
Caller must complete domain reload
Begin MonoManager ReloadAssembly
- Loaded All Assemblies, in  0.575 seconds
Native extension for WindowsStandalone target not found
Native extension for Android target not found
[Package Manager] Server::EnsureServerProcessIsRunning -- launch failed, reason: Unity was launched with the -noUpm command-line argument
[Package Manager] UpmClient::Send -- Unable to send message (not connected to UPM process).
[Package Manager] Cannot connect to Unity Package Manager local server
Mono: successfully reloaded assembly
- Finished resetting the current domain, in  1.476 seconds
Domain Reload Profiling: 2044ms
	BeginReloadAssembly (172ms)
		ExecutionOrderSort (0ms)
		DisableScriptedObjects (4ms)
		BackupInstance (0ms)
		ReleaseScriptingObjects (0ms)
		CreateAndSetChildDomain (34ms)
	RebuildCommonClasses (33ms)
	RebuildNativeTypeToScriptingClass (11ms)
	initialDomainReloadingComplete (35ms)
	LoadAllAssembliesAndSetupDomain (316ms)
		LoadAssemblies (371ms)
		RebuildTransferFunctionScriptingTraits (0ms)
		AnalyzeDomain (43ms)
			TypeCache.Refresh (10ms)
				TypeCache.ScanAssembly (0ms)
			ScanForSourceGeneratedMonoScriptInfo (20ms)
			ResolveRequiredComponents (10ms)
	FinalizeReload (1476ms)
		ReleaseScriptCaches (0ms)
		RebuildScriptCaches (0ms)
		SetupLoadedEditorAssemblies (588ms)
			LogAssemblyErrors (0ms)
			InitializePlatformSupportModulesInManaged (28ms)
			SetLoadedEditorAssemblies (4ms)
			RefreshPlugins (0ms)
			BeforeProcessingInitializeOnLoad (92ms)
			ProcessInitializeOnLoadAttributes (404ms)
			ProcessInitializeOnLoadMethodAttributes (47ms)
			AfterProcessingInitializeOnLoad (12ms)
			EditorAssembliesLoaded (0ms)
		ExecutionOrderSort2 (0ms)
		AwakeInstancesAfterBackupRestoration (15ms)
Refreshing native plugins compatible for Editor in 6.12 ms, found 3 plugins.
Preloading 0 native plugins for Editor in 0.00 ms.
Unloading 5202 Unused Serialized files (Serialized files now loaded: 0)
Unloading 20 unused Assets / (415.0 KB). Loaded Objects now: 5890.
Memory consumption went from 191.8 MB to 191.4 MB.
Total: 3.835200 ms (FindLiveObjects: 0.557000 ms CreateObjectMapping: 0.164700 ms MarkObjects: 2.890300 ms  DeleteObjects: 0.221900 ms)

Prepare: number of updated asset objects reloaded= 0
AssetImportParameters requested are different than current active one (requested -> active):
  custom:scripting/monoscript/fileName/JoystickEditor.cs: 406670d2fe263f5d7c582f8389f2b844 -> 
  custom:container-demuxer-ogg: 62fdf1f143b41e24485cea50d1cbac27 -> 
  custom:scripting/monoscript/fileName/JoystickPlayerExample.cs: 2ec96b3abad264f4393a91b76b487cb7 -> 
  custom:scripting/monoscript/fileName/JoystickSetterExample.cs: 9ef810522df7cdd512f52a98ae7a04f9 -> 
  custom:video-decoder-ogg-theora: a1e56fd34408186e4bbccfd4996cb3dc -> 
  custom:framework-win-MediaFoundation: 216162199b28c13a410421893ffa2e32 -> 
  custom:scripting/monoscript/fileName/Example.cs: d0e47065f42c0aa209c2b4c44fb1fcc3 -> 
  custom:scripting/monoscript/fileName/DynamicJoystickEditor.cs: f92673ca2cd03c2f140cf81ccfee7ccb -> 
  custom:scripting/monoscript/fileName/TriviaManager.cs: 941e9494519266c80133c4fb01380898 -> 
  custom:scripting/monoscript/fileName/DynamicJoystick.cs: fa6fdbd0de9beec4a70bc764c26bb796 -> 
  custom:CustomObjectIndexerAttribute: 72b91833f83ae208fae7752999fa3104 -> 
  custom:container-demuxer-webm: 4f35f7cbe854078d1ac9338744f61a02 -> 
  custom:scripting/monoscript/fileName/FloatingJoystick.cs: 516035e2342d093d90fb2bd11ff41e68 -> 
  custom:container-muxer-webm: aa71ff27fc2769a1b78a27578f13a17b -> 
  custom:video-decoder-webm-vp8: 9c59270c3fd7afecdb556c50c9e8de78 -> 
  custom:scripting/monoscript/fileName/ModelTrigger.cs: 30bfa58732115a8956fc253c31c7a75b -> 
  custom:SearchIndexIgnoredProperties: e643bd26f0fe6173181afceb89e7c659 -> 
  custom:AudioImporter_EditorPlatform: d09bf68614088b80899f8185d706f6e7 -> 
  custom:scripting/monoscript/fileName/MobilePlayerController.cs: c6d6334dbee39969b7eddb0b08d8203e -> 
  custom:scripting/monoscript/fileName/VariableJoystickEditor.cs: fee5e077b31909c4bba3d7329fdefd90 -> 
  custom:scripting/monoscript/fileName/CameraController.cs: b71d1bb1c8c0dbb9a981f5c477ef2ab9 -> 90f26c7c63924735c23c826b8a781463
  custom:video-encoder-webm-vp8: eb34c28f22e8b96e1ab97ce403110664 -> 
  custom:audio-decoder-ogg-vorbis: bf7c407c2cedff20999df2af8eb42d56 -> 
  custom:scripting/monoscript/fileName/FloatingJoystickEditor.cs: 20a94efd412f2009d4e6722fe16a3051 -> 
  custom:scripting/monoscript/fileName/VariableJoystick.cs: 6a21e483212ef280c767be5522709419 -> 
  custom:scripting/monoscript/fileName/FixedJoystick.cs: ceaced0056a716bd82a85e0f3d488361 -> 
  custom:scripting/monoscript/fileName/Joystick.cs: a70c06c40edfbf2aebf8f2b4b0a70ae0 -> 62df7bb7703aa7fc0947494d614e76dd
  custom:scripting/monoscript/fileName/CardSpawner.cs: d42064c2f6071834cb496530c82fedd6 -> 
  custom:audio-encoder-webm-vorbis: bf7c407c2cedff20999df2af8eb42d56 -> 
  custom:scripting/monoscript/fileName/MenuController.cs: f98156acb6c9b62b4aff1540a104a198 -> 
========================================================================
Received Prepare
Caller must complete domain reload
Begin MonoManager ReloadAssembly
- Loaded All Assemblies, in  0.562 seconds
Native extension for WindowsStandalone target not found
Native extension for Android target not found
[Package Manager] Server::EnsureServerProcessIsRunning -- launch failed, reason: Unity was launched with the -noUpm command-line argument
[Package Manager] UpmClient::Send -- Unable to send message (not connected to UPM process).
[Package Manager] Cannot connect to Unity Package Manager local server
Mono: successfully reloaded assembly
- Finished resetting the current domain, in  1.591 seconds
Domain Reload Profiling: 2146ms
	BeginReloadAssembly (171ms)
		ExecutionOrderSort (0ms)
		DisableScriptedObjects (4ms)
		BackupInstance (0ms)
		ReleaseScriptingObjects (0ms)
		CreateAndSetChildDomain (34ms)
	RebuildCommonClasses (34ms)
	RebuildNativeTypeToScriptingClass (15ms)
	initialDomainReloadingComplete (36ms)
	LoadAllAssembliesAndSetupDomain (298ms)
		LoadAssemblies (375ms)
		RebuildTransferFunctionScriptingTraits (0ms)
		AnalyzeDomain (20ms)
			TypeCache.Refresh (6ms)
				TypeCache.ScanAssembly (0ms)
			ScanForSourceGeneratedMonoScriptInfo (0ms)
			ResolveRequiredComponents (11ms)
	FinalizeReload (1592ms)
		ReleaseScriptCaches (0ms)
		RebuildScriptCaches (0ms)
		SetupLoadedEditorAssemblies (670ms)
			LogAssemblyErrors (0ms)
			InitializePlatformSupportModulesInManaged (29ms)
			SetLoadedEditorAssemblies (4ms)
			RefreshPlugins (0ms)
			BeforeProcessingInitializeOnLoad (100ms)
			ProcessInitializeOnLoadAttributes (470ms)
			ProcessInitializeOnLoadMethodAttributes (54ms)
			AfterProcessingInitializeOnLoad (13ms)
			EditorAssembliesLoaded (0ms)
		ExecutionOrderSort2 (0ms)
		AwakeInstancesAfterBackupRestoration (18ms)
Refreshing native plugins compatible for Editor in 7.17 ms, found 3 plugins.
Preloading 0 native plugins for Editor in 0.00 ms.
Unloading 5202 Unused Serialized files (Serialized files now loaded: 0)
Unloading 20 unused Assets / (399.1 KB). Loaded Objects now: 5894.
Memory consumption went from 191.8 MB to 191.4 MB.
Total: 5.126900 ms (FindLiveObjects: 0.624500 ms CreateObjectMapping: 0.162200 ms MarkObjects: 4.051600 ms  DeleteObjects: 0.287000 ms)

Prepare: number of updated asset objects reloaded= 0
AssetImportParameters requested are different than current active one (requested -> active):
  custom:scripting/monoscript/fileName/JoystickEditor.cs: 406670d2fe263f5d7c582f8389f2b844 -> 
  custom:container-demuxer-ogg: 62fdf1f143b41e24485cea50d1cbac27 -> 
  custom:scripting/monoscript/fileName/JoystickPlayerExample.cs: 2ec96b3abad264f4393a91b76b487cb7 -> 
  custom:scripting/monoscript/fileName/JoystickSetterExample.cs: 9ef810522df7cdd512f52a98ae7a04f9 -> 
  custom:video-decoder-ogg-theora: a1e56fd34408186e4bbccfd4996cb3dc -> 
  custom:framework-win-MediaFoundation: 216162199b28c13a410421893ffa2e32 -> 
  custom:scripting/monoscript/fileName/Example.cs: d0e47065f42c0aa209c2b4c44fb1fcc3 -> 
  custom:scripting/monoscript/fileName/DynamicJoystickEditor.cs: f92673ca2cd03c2f140cf81ccfee7ccb -> 
  custom:scripting/monoscript/fileName/TriviaManager.cs: 941e9494519266c80133c4fb01380898 -> 
  custom:scripting/monoscript/fileName/DynamicJoystick.cs: fa6fdbd0de9beec4a70bc764c26bb796 -> 
  custom:CustomObjectIndexerAttribute: 72b91833f83ae208fae7752999fa3104 -> 
  custom:container-demuxer-webm: 4f35f7cbe854078d1ac9338744f61a02 -> 
  custom:scripting/monoscript/fileName/FloatingJoystick.cs: 516035e2342d093d90fb2bd11ff41e68 -> 
  custom:container-muxer-webm: aa71ff27fc2769a1b78a27578f13a17b -> 
  custom:video-decoder-webm-vp8: 9c59270c3fd7afecdb556c50c9e8de78 -> 
  custom:scripting/monoscript/fileName/ModelTrigger.cs: 30bfa58732115a8956fc253c31c7a75b -> 
  custom:SearchIndexIgnoredProperties: e643bd26f0fe6173181afceb89e7c659 -> 
  custom:AudioImporter_EditorPlatform: d09bf68614088b80899f8185d706f6e7 -> 
  custom:scripting/monoscript/fileName/MobilePlayerController.cs: c6d6334dbee39969b7eddb0b08d8203e -> 
  custom:scripting/monoscript/fileName/VariableJoystickEditor.cs: fee5e077b31909c4bba3d7329fdefd90 -> 
  custom:scripting/monoscript/fileName/CameraController.cs: b71d1bb1c8c0dbb9a981f5c477ef2ab9 -> 90f26c7c63924735c23c826b8a781463
  custom:video-encoder-webm-vp8: eb34c28f22e8b96e1ab97ce403110664 -> 
  custom:audio-decoder-ogg-vorbis: bf7c407c2cedff20999df2af8eb42d56 -> 
  custom:scripting/monoscript/fileName/FloatingJoystickEditor.cs: 20a94efd412f2009d4e6722fe16a3051 -> 
  custom:scripting/monoscript/fileName/VariableJoystick.cs: 6a21e483212ef280c767be5522709419 -> 
  custom:scripting/monoscript/fileName/FixedJoystick.cs: ceaced0056a716bd82a85e0f3d488361 -> 
  custom:scripting/monoscript/fileName/Joystick.cs: a70c06c40edfbf2aebf8f2b4b0a70ae0 -> 62df7bb7703aa7fc0947494d614e76dd
  custom:scripting/monoscript/fileName/CardSpawner.cs: d42064c2f6071834cb496530c82fedd6 -> 
  custom:audio-encoder-webm-vorbis: bf7c407c2cedff20999df2af8eb42d56 -> 
  custom:scripting/monoscript/fileName/MenuController.cs: f98156acb6c9b62b4aff1540a104a198 -> 
========================================================================
Received Prepare
Caller must complete domain reload
Begin MonoManager ReloadAssembly
- Loaded All Assemblies, in  0.561 seconds
Native extension for WindowsStandalone target not found
Native extension for Android target not found
[Package Manager] Server::EnsureServerProcessIsRunning -- launch failed, reason: Unity was launched with the -noUpm command-line argument
[Package Manager] UpmClient::Send -- Unable to send message (not connected to UPM process).
[Package Manager] Cannot connect to Unity Package Manager local server
Mono: successfully reloaded assembly
- Finished resetting the current domain, in  1.576 seconds
Domain Reload Profiling: 2131ms
	BeginReloadAssembly (180ms)
		ExecutionOrderSort (0ms)
		DisableScriptedObjects (4ms)
		BackupInstance (0ms)
		ReleaseScriptingObjects (0ms)
		CreateAndSetChildDomain (35ms)
	RebuildCommonClasses (34ms)
	RebuildNativeTypeToScriptingClass (11ms)
	initialDomainReloadingComplete (35ms)
	LoadAllAssembliesAndSetupDomain (294ms)
		LoadAssemblies (379ms)
		RebuildTransferFunctionScriptingTraits (0ms)
		AnalyzeDomain (19ms)
			TypeCache.Refresh (6ms)
				TypeCache.ScanAssembly (0ms)
			ScanForSourceGeneratedMonoScriptInfo (0ms)
			ResolveRequiredComponents (11ms)
	FinalizeReload (1576ms)
		ReleaseScriptCaches (0ms)
		RebuildScriptCaches (0ms)
		SetupLoadedEditorAssemblies (670ms)
			LogAssemblyErrors (0ms)
			InitializePlatformSupportModulesInManaged (28ms)
			SetLoadedEditorAssemblies (5ms)
			RefreshPlugins (0ms)
			BeforeProcessingInitializeOnLoad (105ms)
			ProcessInitializeOnLoadAttributes (463ms)
			ProcessInitializeOnLoadMethodAttributes (56ms)
			AfterProcessingInitializeOnLoad (13ms)
			EditorAssembliesLoaded (0ms)
		ExecutionOrderSort2 (0ms)
		AwakeInstancesAfterBackupRestoration (18ms)
Refreshing native plugins compatible for Editor in 6.34 ms, found 3 plugins.
Preloading 0 native plugins for Editor in 0.00 ms.
Unloading 5202 Unused Serialized files (Serialized files now loaded: 0)
Unloading 20 unused Assets / (407.0 KB). Loaded Objects now: 5898.
Memory consumption went from 191.8 MB to 191.4 MB.
Total: 4.768500 ms (FindLiveObjects: 0.605000 ms CreateObjectMapping: 0.170900 ms MarkObjects: 3.600000 ms  DeleteObjects: 0.391800 ms)

Prepare: number of updated asset objects reloaded= 0
AssetImportParameters requested are different than current active one (requested -> active):
  custom:scripting/monoscript/fileName/JoystickEditor.cs: 406670d2fe263f5d7c582f8389f2b844 -> 
  custom:container-demuxer-ogg: 62fdf1f143b41e24485cea50d1cbac27 -> 
  custom:scripting/monoscript/fileName/JoystickPlayerExample.cs: 2ec96b3abad264f4393a91b76b487cb7 -> 
  custom:scripting/monoscript/fileName/JoystickSetterExample.cs: 9ef810522df7cdd512f52a98ae7a04f9 -> 
  custom:video-decoder-ogg-theora: a1e56fd34408186e4bbccfd4996cb3dc -> 
  custom:framework-win-MediaFoundation: 216162199b28c13a410421893ffa2e32 -> 
  custom:scripting/monoscript/fileName/Example.cs: d0e47065f42c0aa209c2b4c44fb1fcc3 -> 
  custom:scripting/monoscript/fileName/DynamicJoystickEditor.cs: f92673ca2cd03c2f140cf81ccfee7ccb -> 
  custom:scripting/monoscript/fileName/TriviaManager.cs: 941e9494519266c80133c4fb01380898 -> 
  custom:scripting/monoscript/fileName/DynamicJoystick.cs: fa6fdbd0de9beec4a70bc764c26bb796 -> 
  custom:CustomObjectIndexerAttribute: 72b91833f83ae208fae7752999fa3104 -> 
  custom:container-demuxer-webm: 4f35f7cbe854078d1ac9338744f61a02 -> 
  custom:scripting/monoscript/fileName/FloatingJoystick.cs: 516035e2342d093d90fb2bd11ff41e68 -> 
  custom:container-muxer-webm: aa71ff27fc2769a1b78a27578f13a17b -> 
  custom:video-decoder-webm-vp8: 9c59270c3fd7afecdb556c50c9e8de78 -> 
  custom:scripting/monoscript/fileName/ModelTrigger.cs: 30bfa58732115a8956fc253c31c7a75b -> 
  custom:SearchIndexIgnoredProperties: e643bd26f0fe6173181afceb89e7c659 -> 
  custom:AudioImporter_EditorPlatform: d09bf68614088b80899f8185d706f6e7 -> 
  custom:scripting/monoscript/fileName/MobilePlayerController.cs: c6d6334dbee39969b7eddb0b08d8203e -> 
  custom:scripting/monoscript/fileName/VariableJoystickEditor.cs: fee5e077b31909c4bba3d7329fdefd90 -> 
  custom:scripting/monoscript/fileName/CameraController.cs: b71d1bb1c8c0dbb9a981f5c477ef2ab9 -> 90f26c7c63924735c23c826b8a781463
  custom:video-encoder-webm-vp8: eb34c28f22e8b96e1ab97ce403110664 -> 
  custom:audio-decoder-ogg-vorbis: bf7c407c2cedff20999df2af8eb42d56 -> 
  custom:scripting/monoscript/fileName/FloatingJoystickEditor.cs: 20a94efd412f2009d4e6722fe16a3051 -> 
  custom:scripting/monoscript/fileName/VariableJoystick.cs: 6a21e483212ef280c767be5522709419 -> 
  custom:scripting/monoscript/fileName/FixedJoystick.cs: ceaced0056a716bd82a85e0f3d488361 -> 
  custom:scripting/monoscript/fileName/Joystick.cs: a70c06c40edfbf2aebf8f2b4b0a70ae0 -> 62df7bb7703aa7fc0947494d614e76dd
  custom:scripting/monoscript/fileName/CardSpawner.cs: d42064c2f6071834cb496530c82fedd6 -> 
  custom:audio-encoder-webm-vorbis: bf7c407c2cedff20999df2af8eb42d56 -> 
  custom:scripting/monoscript/fileName/MenuController.cs: f98156acb6c9b62b4aff1540a104a198 -> 
========================================================================
Received Prepare
Caller must complete domain reload
Begin MonoManager ReloadAssembly
- Loaded All Assemblies, in  0.574 seconds
Native extension for WindowsStandalone target not found
Native extension for Android target not found
[Package Manager] Server::EnsureServerProcessIsRunning -- launch failed, reason: Unity was launched with the -noUpm command-line argument
[Package Manager] UpmClient::Send -- Unable to send message (not connected to UPM process).
[Package Manager] Cannot connect to Unity Package Manager local server
Mono: successfully reloaded assembly
- Finished resetting the current domain, in  1.581 seconds
Domain Reload Profiling: 2148ms
	BeginReloadAssembly (186ms)
		ExecutionOrderSort (0ms)
		DisableScriptedObjects (4ms)
		BackupInstance (0ms)
		ReleaseScriptingObjects (0ms)
		CreateAndSetChildDomain (37ms)
	RebuildCommonClasses (35ms)
	RebuildNativeTypeToScriptingClass (12ms)
	initialDomainReloadingComplete (36ms)
	LoadAllAssembliesAndSetupDomain (298ms)
		LoadAssemblies (385ms)
		RebuildTransferFunctionScriptingTraits (0ms)
		AnalyzeDomain (20ms)
			TypeCache.Refresh (7ms)
				TypeCache.ScanAssembly (0ms)
			ScanForSourceGeneratedMonoScriptInfo (0ms)
			ResolveRequiredComponents (11ms)
	FinalizeReload (1582ms)
		ReleaseScriptCaches (0ms)
		RebuildScriptCaches (0ms)
		SetupLoadedEditorAssemblies (672ms)
			LogAssemblyErrors (0ms)
			InitializePlatformSupportModulesInManaged (33ms)
			SetLoadedEditorAssemblies (5ms)
			RefreshPlugins (0ms)
			BeforeProcessingInitializeOnLoad (105ms)
			ProcessInitializeOnLoadAttributes (466ms)
			ProcessInitializeOnLoadMethodAttributes (49ms)
			AfterProcessingInitializeOnLoad (14ms)
			EditorAssembliesLoaded (0ms)
		ExecutionOrderSort2 (0ms)
		AwakeInstancesAfterBackupRestoration (17ms)
Refreshing native plugins compatible for Editor in 6.81 ms, found 3 plugins.
Preloading 0 native plugins for Editor in 0.00 ms.
Unloading 5202 Unused Serialized files (Serialized files now loaded: 0)
Unloading 20 unused Assets / (422.5 KB). Loaded Objects now: 5902.
Memory consumption went from 191.9 MB to 191.5 MB.
Total: 4.047800 ms (FindLiveObjects: 0.571300 ms CreateObjectMapping: 0.182500 ms MarkObjects: 3.076600 ms  DeleteObjects: 0.216500 ms)

Prepare: number of updated asset objects reloaded= 0
AssetImportParameters requested are different than current active one (requested -> active):
  custom:scripting/monoscript/fileName/JoystickEditor.cs: 406670d2fe263f5d7c582f8389f2b844 -> 
  custom:container-demuxer-ogg: 62fdf1f143b41e24485cea50d1cbac27 -> 
  custom:scripting/monoscript/fileName/JoystickPlayerExample.cs: 2ec96b3abad264f4393a91b76b487cb7 -> 
  custom:scripting/monoscript/fileName/JoystickSetterExample.cs: 9ef810522df7cdd512f52a98ae7a04f9 -> 
  custom:video-decoder-ogg-theora: a1e56fd34408186e4bbccfd4996cb3dc -> 
  custom:framework-win-MediaFoundation: 216162199b28c13a410421893ffa2e32 -> 
  custom:scripting/monoscript/fileName/Example.cs: d0e47065f42c0aa209c2b4c44fb1fcc3 -> 
  custom:scripting/monoscript/fileName/DynamicJoystickEditor.cs: f92673ca2cd03c2f140cf81ccfee7ccb -> 
  custom:scripting/monoscript/fileName/TriviaManager.cs: 941e9494519266c80133c4fb01380898 -> 
  custom:scripting/monoscript/fileName/DynamicJoystick.cs: fa6fdbd0de9beec4a70bc764c26bb796 -> 
  custom:CustomObjectIndexerAttribute: 72b91833f83ae208fae7752999fa3104 -> 
  custom:container-demuxer-webm: 4f35f7cbe854078d1ac9338744f61a02 -> 
  custom:scripting/monoscript/fileName/FloatingJoystick.cs: 516035e2342d093d90fb2bd11ff41e68 -> 
  custom:container-muxer-webm: aa71ff27fc2769a1b78a27578f13a17b -> 
  custom:video-decoder-webm-vp8: 9c59270c3fd7afecdb556c50c9e8de78 -> 
  custom:scripting/monoscript/fileName/ModelTrigger.cs: 30bfa58732115a8956fc253c31c7a75b -> 
  custom:SearchIndexIgnoredProperties: e643bd26f0fe6173181afceb89e7c659 -> 
  custom:AudioImporter_EditorPlatform: d09bf68614088b80899f8185d706f6e7 -> 
  custom:scripting/monoscript/fileName/MobilePlayerController.cs: c6d6334dbee39969b7eddb0b08d8203e -> 
  custom:scripting/monoscript/fileName/VariableJoystickEditor.cs: fee5e077b31909c4bba3d7329fdefd90 -> 
  custom:scripting/monoscript/fileName/CameraController.cs: b71d1bb1c8c0dbb9a981f5c477ef2ab9 -> 90f26c7c63924735c23c826b8a781463
  custom:video-encoder-webm-vp8: eb34c28f22e8b96e1ab97ce403110664 -> 
  custom:audio-decoder-ogg-vorbis: bf7c407c2cedff20999df2af8eb42d56 -> 
  custom:scripting/monoscript/fileName/FloatingJoystickEditor.cs: 20a94efd412f2009d4e6722fe16a3051 -> 
  custom:scripting/monoscript/fileName/VariableJoystick.cs: 6a21e483212ef280c767be5522709419 -> 
  custom:scripting/monoscript/fileName/FixedJoystick.cs: ceaced0056a716bd82a85e0f3d488361 -> 
  custom:scripting/monoscript/fileName/Joystick.cs: a70c06c40edfbf2aebf8f2b4b0a70ae0 -> 62df7bb7703aa7fc0947494d614e76dd
  custom:scripting/monoscript/fileName/CardSpawner.cs: d42064c2f6071834cb496530c82fedd6 -> 
  custom:audio-encoder-webm-vorbis: bf7c407c2cedff20999df2af8eb42d56 -> 
  custom:scripting/monoscript/fileName/MenuController.cs: f98156acb6c9b62b4aff1540a104a198 -> 
========================================================================
Received Import Request.
  Time since last request: 310.979826 seconds.
  path: Assets/Plugins/SimpleInput/Prefabs/TARJETA_ANIMADA.prefab
  artifactKey: Guid(6f463baed2322284bace15a7539ab939) Importer(815301076,1909f56bfc062723c751e8b465ee728b)
Start importing Assets/Plugins/SimpleInput/Prefabs/TARJETA_ANIMADA.prefab using Guid(6f463baed2322284bace15a7539ab939) Importer(815301076,1909f56bfc062723c751e8b465ee728b) [PhysX] Initialized MultithreadedTaskDispatcher with 16 workers.
 -> (artifact id: '0c052a5e55111846915b045c74d583c1') in 0.007681 seconds
Number of updated asset objects reloaded before import = 0
Number of asset objects unloaded after import = 0
========================================================================
Received Import Request.
  Time since last request: 0.000035 seconds.
  path: Assets/Plugins/SimpleInput/Prefabs/TARJETA_ANIMADA (1).prefab
  artifactKey: Guid(13806686ee01bed4a970e64b4a686a60) Importer(815301076,1909f56bfc062723c751e8b465ee728b)
Start importing Assets/Plugins/SimpleInput/Prefabs/TARJETA_ANIMADA (1).prefab using Guid(13806686ee01bed4a970e64b4a686a60) Importer(815301076,1909f56bfc062723c751e8b465ee728b) [PhysX] Initialized MultithreadedTaskDispatcher with 16 workers.
 -> (artifact id: 'fa69fa801efc36e3d401da154c9e92bf') in 0.000646 seconds
Number of updated asset objects reloaded before import = 0
Number of asset objects unloaded after import = 0
========================================================================
Received Prepare
Caller must complete domain reload
Begin MonoManager ReloadAssembly
- Loaded All Assemblies, in  0.635 seconds
Native extension for WindowsStandalone target not found
Native extension for Android target not found
[Package Manager] Server::EnsureServerProcessIsRunning -- launch failed, reason: Unity was launched with the -noUpm command-line argument
[Package Manager] UpmClient::Send -- Unable to send message (not connected to UPM process).
[Package Manager] Cannot connect to Unity Package Manager local server
Mono: successfully reloaded assembly
- Finished resetting the current domain, in  1.652 seconds
Domain Reload Profiling: 2279ms
	BeginReloadAssembly (182ms)
		ExecutionOrderSort (0ms)
		DisableScriptedObjects (4ms)
		BackupInstance (0ms)
		ReleaseScriptingObjects (0ms)
		CreateAndSetChildDomain (36ms)
	RebuildCommonClasses (34ms)
	RebuildNativeTypeToScriptingClass (12ms)
	initialDomainReloadingComplete (37ms)
	LoadAllAssembliesAndSetupDomain (361ms)
		LoadAssemblies (420ms)
		RebuildTransferFunctionScriptingTraits (0ms)
		AnalyzeDomain (43ms)
			TypeCache.Refresh (10ms)
				TypeCache.ScanAssembly (0ms)
			ScanForSourceGeneratedMonoScriptInfo (20ms)
			ResolveRequiredComponents (10ms)
	FinalizeReload (1653ms)
		ReleaseScriptCaches (0ms)
		RebuildScriptCaches (0ms)
		SetupLoadedEditorAssemblies (659ms)
			LogAssemblyErrors (0ms)
			InitializePlatformSupportModulesInManaged (29ms)
			SetLoadedEditorAssemblies (4ms)
			RefreshPlugins (0ms)
			BeforeProcessingInitializeOnLoad (97ms)
			ProcessInitializeOnLoadAttributes (459ms)
			ProcessInitializeOnLoadMethodAttributes (52ms)
			AfterProcessingInitializeOnLoad (17ms)
			EditorAssembliesLoaded (0ms)
		ExecutionOrderSort2 (0ms)
		AwakeInstancesAfterBackupRestoration (18ms)
Refreshing native plugins compatible for Editor in 7.76 ms, found 3 plugins.
Preloading 0 native plugins for Editor in 0.00 ms.
Unloading 5203 Unused Serialized files (Serialized files now loaded: 0)
Unloading 20 unused Assets / (423.2 KB). Loaded Objects now: 5907.
Memory consumption went from 191.9 MB to 191.5 MB.
Total: 4.043700 ms (FindLiveObjects: 0.647800 ms CreateObjectMapping: 0.169900 ms MarkObjects: 3.013200 ms  DeleteObjects: 0.211800 ms)

Prepare: number of updated asset objects reloaded= 0
AssetImportParameters requested are different than current active one (requested -> active):
  custom:scripting/monoscript/fileName/JoystickEditor.cs: 406670d2fe263f5d7c582f8389f2b844 -> 
  custom:container-demuxer-ogg: 62fdf1f143b41e24485cea50d1cbac27 -> 
  custom:scripting/monoscript/fileName/JoystickPlayerExample.cs: 2ec96b3abad264f4393a91b76b487cb7 -> 
  custom:scripting/monoscript/fileName/JoystickSetterExample.cs: 9ef810522df7cdd512f52a98ae7a04f9 -> 
  custom:video-decoder-ogg-theora: a1e56fd34408186e4bbccfd4996cb3dc -> 
  custom:framework-win-MediaFoundation: 216162199b28c13a410421893ffa2e32 -> 
  custom:scripting/monoscript/fileName/Example.cs: d0e47065f42c0aa209c2b4c44fb1fcc3 -> 
  custom:scripting/monoscript/fileName/DynamicJoystickEditor.cs: f92673ca2cd03c2f140cf81ccfee7ccb -> 
  custom:scripting/monoscript/fileName/TriviaManager.cs: 941e9494519266c80133c4fb01380898 -> 
  custom:scripting/monoscript/fileName/DynamicJoystick.cs: fa6fdbd0de9beec4a70bc764c26bb796 -> 
  custom:CustomObjectIndexerAttribute: 72b91833f83ae208fae7752999fa3104 -> 
  custom:container-demuxer-webm: 4f35f7cbe854078d1ac9338744f61a02 -> 
  custom:scripting/monoscript/fileName/FloatingJoystick.cs: 516035e2342d093d90fb2bd11ff41e68 -> 
  custom:container-muxer-webm: aa71ff27fc2769a1b78a27578f13a17b -> 
  custom:video-decoder-webm-vp8: 9c59270c3fd7afecdb556c50c9e8de78 -> 
  custom:scripting/monoscript/fileName/ModelTrigger.cs: 30bfa58732115a8956fc253c31c7a75b -> 
  custom:SearchIndexIgnoredProperties: e643bd26f0fe6173181afceb89e7c659 -> 
  custom:AudioImporter_EditorPlatform: d09bf68614088b80899f8185d706f6e7 -> 
  custom:scripting/monoscript/fileName/MobilePlayerController.cs: c6d6334dbee39969b7eddb0b08d8203e -> 
  custom:scripting/monoscript/fileName/VariableJoystickEditor.cs: fee5e077b31909c4bba3d7329fdefd90 -> 
  custom:scripting/monoscript/fileName/CameraController.cs: b71d1bb1c8c0dbb9a981f5c477ef2ab9 -> 90f26c7c63924735c23c826b8a781463
  custom:video-encoder-webm-vp8: eb34c28f22e8b96e1ab97ce403110664 -> 
  custom:audio-decoder-ogg-vorbis: bf7c407c2cedff20999df2af8eb42d56 -> 
  custom:scripting/monoscript/fileName/FloatingJoystickEditor.cs: 20a94efd412f2009d4e6722fe16a3051 -> 
  custom:scripting/monoscript/fileName/VariableJoystick.cs: 6a21e483212ef280c767be5522709419 -> 
  custom:scripting/monoscript/fileName/FixedJoystick.cs: ceaced0056a716bd82a85e0f3d488361 -> 
  custom:scripting/monoscript/fileName/Joystick.cs: a70c06c40edfbf2aebf8f2b4b0a70ae0 -> 62df7bb7703aa7fc0947494d614e76dd
  custom:scripting/monoscript/fileName/CardSpawner.cs: d42064c2f6071834cb496530c82fedd6 -> 
  custom:audio-encoder-webm-vorbis: bf7c407c2cedff20999df2af8eb42d56 -> 
  custom:scripting/monoscript/fileName/MenuController.cs: f98156acb6c9b62b4aff1540a104a198 -> 
  custom:scripting/precompiled-assembly-types:Assembly-CSharp: f4240647ba75dd8f344ec153eb63f7e5 -> 2f286212848930c9cb01cbbd98819858
Editor requested this worker to shutdown with reason: Scaling down because of idle timeout
TcpMessagingSession - receive error: operation aborted. errorcode: 995, details: La operacin de E/S se anul por una salida de subproceso o por una solicitud de aplicacin.
AssetImportWorker is now disconnected from the server
Process exiting
Exiting without the bug reporter. Application will terminate with return code 0